{"devicePlatform":"","logFolder":"C:\\Users\\QH_05\\Katalon Studio\\Acme\\Reports\\ConfirmandCancelpurchase\\20171116_111924","runData":{"hostName":"QH_05 - 192.168.18.128","os":"Windows 10 64bit","katalonVersion":"5.0.1.1","browser":"Firefox 56.0","hostAddress":"192.168.18.128","sessionId":"a935514d-5730-4c3f-b62d-c565cbf587bc","seleniumVersion":"2.53.0","proxyInformation":"ProxyInformation{proxyOption\u003dNO_PROXY, proxyServerType\u003dHTTP, password\u003d, proxyServerAddress\u003d, proxyServerPort\u003d0}","platform":"Windows 10"},"type":"TEST_SUITE","name":"ConfirmandCancelpurchase","id":"Test Suites/ConfirmandCancelpurchase","source":"","message":"Test Cases/PurchaseCancel,removeBook/PurchaseBook FAILED because (of) Unable to verify text \u0027Thank you for your purchase!\u0027 is present  (Root cause: org.openqa.selenium.NoSuchElementException: Unable to locate element: {\"method\":\"tag name\",\"selector\":\"body\"}\nCommand duration or timeout: 250 milliseconds\nFor documentation on this error, please visit: http://seleniumhq.org/exceptions/no_such_element.html\nBuild info: version: \u00272.53.0\u0027, revision: \u002735ae25b\u0027, time: \u00272016-03-15 17:00:58\u0027\nSystem info: host: \u0027DESKTOP-RJBLQNG\u0027, ip: \u0027192.168.18.128\u0027, os.name: \u0027Windows 10\u0027, os.arch: \u0027amd64\u0027, os.version: \u002710.0\u0027, java.version: \u00271.8.0_102\u0027\nDriver info: com.kms.katalon.core.webui.driver.firefox.CFirefoxDriver47\nCapabilities [{applicationCacheEnabled\u003dtrue, rotatable\u003dfalse, handlesAlerts\u003dtrue, databaseEnabled\u003dtrue, version\u003d56.0.2, platform\u003dWINDOWS, nativeEvents\u003dfalse, acceptSslCerts\u003dtrue, webStorageEnabled\u003dtrue, locationContextEnabled\u003dtrue, browserName\u003dfirefox, takesScreenshot\u003dtrue, javascriptEnabled\u003dtrue, cssSelectorsEnabled\u003dtrue}]\nSession ID: a935514d-5730-4c3f-b62d-c565cbf587bc\n*** Element info: {Using\u003dtag name, value\u003dbody})","description":"","startTime":1510827569212,"endTime":1510827635353,"childRecords":[{"isOptional":false,"type":"TEST_CASE","name":"Test Cases/PurchaseCancel,removeBook/PurchaseBook","id":"Test Cases/PurchaseCancel,removeBook/PurchaseBook","source":"C:\\\\Users\\\\QH_05\\\\Katalon Studio\\\\AcmeTest Cases\\\\PurchaseCancel,removeBook\\\\PurchaseBook.tc","message":"Test Cases/PurchaseCancel,removeBook/PurchaseBook FAILED because (of) Unable to verify text \u0027Thank you for your purchase!\u0027 is present  (Root cause: org.openqa.selenium.NoSuchElementException: Unable to locate element: {\"method\":\"tag name\",\"selector\":\"body\"}\nCommand duration or timeout: 250 milliseconds\nFor documentation on this error, please visit: http://seleniumhq.org/exceptions/no_such_element.html\nBuild info: version: \u00272.53.0\u0027, revision: \u002735ae25b\u0027, time: \u00272016-03-15 17:00:58\u0027\nSystem info: host: \u0027DESKTOP-RJBLQNG\u0027, ip: \u0027192.168.18.128\u0027, os.name: \u0027Windows 10\u0027, os.arch: \u0027amd64\u0027, os.version: \u002710.0\u0027, java.version: \u00271.8.0_102\u0027\nDriver info: com.kms.katalon.core.webui.driver.firefox.CFirefoxDriver47\nCapabilities [{applicationCacheEnabled\u003dtrue, rotatable\u003dfalse, handlesAlerts\u003dtrue, databaseEnabled\u003dtrue, version\u003d56.0.2, platform\u003dWINDOWS, nativeEvents\u003dfalse, acceptSslCerts\u003dtrue, webStorageEnabled\u003dtrue, locationContextEnabled\u003dtrue, browserName\u003dfirefox, takesScreenshot\u003dtrue, javascriptEnabled\u003dtrue, cssSelectorsEnabled\u003dtrue}]\nSession ID: a935514d-5730-4c3f-b62d-c565cbf587bc\n*** Element info: {Using\u003dtag name, value\u003dbody})","description":"","startTime":1510827570482,"endTime":1510827604183,"childRecords":[{"testStatus":{"stackTrace":"","statusValue":"INFO"},"type":"MESSAGE","name":"","message":"Evaluating variables for test case","startTime":1510827571681,"endTime":0,"childRecords":[],"interuppted":false},{"index":1,"isIgnoredIfFailed":false,"type":"TEST_STEP","name":"openBrowser","message":"Browser is opened with url: \u0027\u0027","description":"","startTime":1510827573269,"endTime":1510827600141,"childRecords":[{"testStatus":{"stackTrace":"","statusValue":"PASSED"},"type":"MESSAGE","name":"","message":"Browser is opened with url: \u0027\u0027","startTime":1510827600140,"endTime":0,"childRecords":[],"interuppted":false}],"interuppted":false},{"index":2,"isIgnoredIfFailed":false,"type":"TEST_STEP","name":"navigateToUrl","message":"Navigate to \u0027http://www.acme.qualityhouse.bg/build3/index.php\u0027 successfully","description":"","startTime":1510827600141,"endTime":1510827600927,"childRecords":[{"testStatus":{"stackTrace":"","statusValue":"PASSED"},"type":"MESSAGE","name":"","message":"Navigate to \u0027http://www.acme.qualityhouse.bg/build3/index.php\u0027 successfully","startTime":1510827600927,"endTime":0,"childRecords":[],"interuppted":false}],"interuppted":false},{"index":3,"isIgnoredIfFailed":false,"type":"TEST_STEP","name":"click","message":"Object: \u0027Object Repository/PurchaseBook/a_Books\u0027 is clicked on","description":"","startTime":1510827600928,"endTime":1510827601545,"childRecords":[{"testStatus":{"stackTrace":"","statusValue":"PASSED"},"type":"MESSAGE","name":"","message":"Object: \u0027Object Repository/PurchaseBook/a_Books\u0027 is clicked on","startTime":1510827601544,"endTime":0,"childRecords":[],"interuppted":false}],"interuppted":false},{"index":4,"isIgnoredIfFailed":false,"type":"TEST_STEP","name":"click","message":"Object: \u0027Object Repository/PurchaseBook/a_Art\u0027 is clicked on","description":"","startTime":1510827601545,"endTime":1510827601917,"childRecords":[{"testStatus":{"stackTrace":"","statusValue":"PASSED"},"type":"MESSAGE","name":"","message":"Object: \u0027Object Repository/PurchaseBook/a_Art\u0027 is clicked on","startTime":1510827601915,"endTime":0,"childRecords":[],"interuppted":false}],"interuppted":false},{"index":5,"isIgnoredIfFailed":false,"type":"TEST_STEP","name":"click","message":"Object: \u0027Object Repository/PurchaseBook/a_add to basket\u0027 is clicked on","description":"","startTime":1510827601918,"endTime":1510827602306,"childRecords":[{"testStatus":{"stackTrace":"","statusValue":"PASSED"},"type":"MESSAGE","name":"","message":"Object: \u0027Object Repository/PurchaseBook/a_add to basket\u0027 is clicked on","startTime":1510827602304,"endTime":0,"childRecords":[],"interuppted":false}],"interuppted":false},{"index":6,"isIgnoredIfFailed":false,"type":"TEST_STEP","name":"click","message":"Object: \u0027Object Repository/PurchaseBook/a_Basket (1)\u0027 is clicked on","description":"","startTime":1510827602306,"endTime":1510827602486,"childRecords":[{"testStatus":{"stackTrace":"","statusValue":"PASSED"},"type":"MESSAGE","name":"","message":"Object: \u0027Object Repository/PurchaseBook/a_Basket (1)\u0027 is clicked on","startTime":1510827602484,"endTime":0,"childRecords":[],"interuppted":false}],"interuppted":false},{"index":7,"isIgnoredIfFailed":false,"type":"TEST_STEP","name":"click","message":"Object: \u0027Object Repository/PurchaseBook/a_Checkout\u0027 is clicked on","description":"","startTime":1510827602488,"endTime":1510827602760,"childRecords":[{"testStatus":{"stackTrace":"","statusValue":"PASSED"},"type":"MESSAGE","name":"","message":"Object: \u0027Object Repository/PurchaseBook/a_Checkout\u0027 is clicked on","startTime":1510827602759,"endTime":0,"childRecords":[],"interuppted":false}],"interuppted":false},{"index":8,"isIgnoredIfFailed":false,"type":"TEST_STEP","name":"acceptAlert","message":"Alert accepted","description":"","startTime":1510827602761,"endTime":1510827603015,"childRecords":[{"testStatus":{"stackTrace":"","statusValue":"PASSED"},"type":"MESSAGE","name":"","message":"Alert accepted","startTime":1510827603014,"endTime":0,"childRecords":[],"interuppted":false}],"interuppted":false},{"index":9,"isIgnoredIfFailed":false,"type":"TEST_STEP","name":"setText","message":"Text \u0027student1\u0027 is set on object \u0027Object Repository/PurchaseBook/input_username\u0027","description":"","startTime":1510827603015,"endTime":1510827603217,"childRecords":[{"testStatus":{"stackTrace":"","statusValue":"PASSED"},"type":"MESSAGE","name":"","message":"Text \u0027student1\u0027 is set on object \u0027Object Repository/PurchaseBook/input_username\u0027","startTime":1510827603216,"endTime":0,"childRecords":[],"interuppted":false}],"interuppted":false},{"index":10,"isIgnoredIfFailed":false,"type":"TEST_STEP","name":"setText","message":"Text \u0027stpass1\u0027 is set on object \u0027Object Repository/PurchaseBook/input_userpass\u0027","description":"","startTime":1510827603217,"endTime":1510827603284,"childRecords":[{"testStatus":{"stackTrace":"","statusValue":"PASSED"},"type":"MESSAGE","name":"","message":"Text \u0027stpass1\u0027 is set on object \u0027Object Repository/PurchaseBook/input_userpass\u0027","startTime":1510827603283,"endTime":0,"childRecords":[],"interuppted":false}],"interuppted":false},{"index":11,"isIgnoredIfFailed":false,"type":"TEST_STEP","name":"click","message":"Object: \u0027Object Repository/PurchaseBook/input_ses_login\u0027 is clicked on","description":"","startTime":1510827603285,"endTime":1510827603517,"childRecords":[{"testStatus":{"stackTrace":"","statusValue":"PASSED"},"type":"MESSAGE","name":"","message":"Object: \u0027Object Repository/PurchaseBook/input_ses_login\u0027 is clicked on","startTime":1510827603517,"endTime":0,"childRecords":[],"interuppted":false}],"interuppted":false},{"index":12,"isIgnoredIfFailed":false,"type":"TEST_STEP","name":"click","message":"Object: \u0027Object Repository/PurchaseBook/a_Confirm Purchase\u0027 is clicked on","description":"","startTime":1510827603518,"endTime":1510827603601,"childRecords":[{"testStatus":{"stackTrace":"","statusValue":"PASSED"},"type":"MESSAGE","name":"","message":"Object: \u0027Object Repository/PurchaseBook/a_Confirm Purchase\u0027 is clicked on","startTime":1510827603600,"endTime":0,"childRecords":[],"interuppted":false}],"interuppted":false},{"index":13,"isIgnoredIfFailed":false,"type":"TEST_STEP","name":"acceptAlert","message":"Alert accepted","description":"","startTime":1510827603601,"endTime":1510827603644,"childRecords":[{"testStatus":{"stackTrace":"","statusValue":"PASSED"},"type":"MESSAGE","name":"","message":"Alert accepted","startTime":1510827603643,"endTime":0,"childRecords":[],"interuppted":false}],"interuppted":false},{"attachment":"1510827604014.png","index":14,"isIgnoredIfFailed":false,"type":"TEST_STEP","name":"verifyTextPresent","message":"Unable to verify text \u0027Thank you for your purchase!\u0027 is present  (Root cause: org.openqa.selenium.NoSuchElementException: Unable to locate element: {\"method\":\"tag name\",\"selector\":\"body\"}\nCommand duration or timeout: 250 milliseconds\nFor documentation on this error, please visit: http://seleniumhq.org/exceptions/no_such_element.html\nBuild info: version: \u00272.53.0\u0027, revision: \u002735ae25b\u0027, time: \u00272016-03-15 17:00:58\u0027\nSystem info: host: \u0027DESKTOP-RJBLQNG\u0027, ip: \u0027192.168.18.128\u0027, os.name: \u0027Windows 10\u0027, os.arch: \u0027amd64\u0027, os.version: \u002710.0\u0027, java.version: \u00271.8.0_102\u0027\nDriver info: com.kms.katalon.core.webui.driver.firefox.CFirefoxDriver47\nCapabilities [{applicationCacheEnabled\u003dtrue, rotatable\u003dfalse, handlesAlerts\u003dtrue, databaseEnabled\u003dtrue, version\u003d56.0.2, platform\u003dWINDOWS, nativeEvents\u003dfalse, acceptSslCerts\u003dtrue, webStorageEnabled\u003dtrue, locationContextEnabled\u003dtrue, browserName\u003dfirefox, takesScreenshot\u003dtrue, javascriptEnabled\u003dtrue, cssSelectorsEnabled\u003dtrue}]\nSession ID: a935514d-5730-4c3f-b62d-c565cbf587bc\n*** Element info: {Using\u003dtag name, value\u003dbody})","description":"","startTime":1510827603644,"endTime":1510827604181,"childRecords":[{"testStatus":{"stackTrace":"","statusValue":"FAILED"},"attachment":"1510827604014.png","type":"MESSAGE","name":"","message":"Unable to verify text \u0027Thank you for your purchase!\u0027 is present  (Root cause: org.openqa.selenium.NoSuchElementException: Unable to locate element: {\"method\":\"tag name\",\"selector\":\"body\"}\nCommand duration or timeout: 250 milliseconds\nFor documentation on this error, please visit: http://seleniumhq.org/exceptions/no_such_element.html\nBuild info: version: \u00272.53.0\u0027, revision: \u002735ae25b\u0027, time: \u00272016-03-15 17:00:58\u0027\nSystem info: host: \u0027DESKTOP-RJBLQNG\u0027, ip: \u0027192.168.18.128\u0027, os.name: \u0027Windows 10\u0027, os.arch: \u0027amd64\u0027, os.version: \u002710.0\u0027, java.version: \u00271.8.0_102\u0027\nDriver info: com.kms.katalon.core.webui.driver.firefox.CFirefoxDriver47\nCapabilities [{applicationCacheEnabled\u003dtrue, rotatable\u003dfalse, handlesAlerts\u003dtrue, databaseEnabled\u003dtrue, version\u003d56.0.2, platform\u003dWINDOWS, nativeEvents\u003dfalse, acceptSslCerts\u003dtrue, webStorageEnabled\u003dtrue, locationContextEnabled\u003dtrue, browserName\u003dfirefox, takesScreenshot\u003dtrue, javascriptEnabled\u003dtrue, cssSelectorsEnabled\u003dtrue}]\nSession ID: a935514d-5730-4c3f-b62d-c565cbf587bc\n*** Element info: {Using\u003dtag name, value\u003dbody})","startTime":1510827604181,"endTime":0,"childRecords":[],"interuppted":false}],"interuppted":false},{"testStatus":{"stackTrace":"","statusValue":"FAILED"},"type":"MESSAGE","name":"","message":"Test Cases/PurchaseCancel,removeBook/PurchaseBook FAILED because (of) Unable to verify text \u0027Thank you for your purchase!\u0027 is present  (Root cause: org.openqa.selenium.NoSuchElementException: Unable to locate element: {\"method\":\"tag name\",\"selector\":\"body\"}\nCommand duration or timeout: 250 milliseconds\nFor documentation on this error, please visit: http://seleniumhq.org/exceptions/no_such_element.html\nBuild info: version: \u00272.53.0\u0027, revision: \u002735ae25b\u0027, time: \u00272016-03-15 17:00:58\u0027\nSystem info: host: \u0027DESKTOP-RJBLQNG\u0027, ip: \u0027192.168.18.128\u0027, os.name: \u0027Windows 10\u0027, os.arch: \u0027amd64\u0027, os.version: \u002710.0\u0027, java.version: \u00271.8.0_102\u0027\nDriver info: com.kms.katalon.core.webui.driver.firefox.CFirefoxDriver47\nCapabilities [{applicationCacheEnabled\u003dtrue, rotatable\u003dfalse, handlesAlerts\u003dtrue, databaseEnabled\u003dtrue, version\u003d56.0.2, platform\u003dWINDOWS, nativeEvents\u003dfalse, acceptSslCerts\u003dtrue, webStorageEnabled\u003dtrue, locationContextEnabled\u003dtrue, browserName\u003dfirefox, takesScreenshot\u003dtrue, javascriptEnabled\u003dtrue, cssSelectorsEnabled\u003dtrue}]\nSession ID: a935514d-5730-4c3f-b62d-c565cbf587bc\n*** Element info: {Using\u003dtag name, value\u003dbody})","startTime":1510827604182,"endTime":0,"childRecords":[],"interuppted":false}],"interuppted":false},{"isOptional":false,"type":"TEST_CASE","name":"Test Cases/PurchaseCancel,removeBook/CancelPurchaseforTestSuite","id":"Test Cases/PurchaseCancel,removeBook/CancelPurchaseforTestSuite","source":"C:\\\\Users\\\\QH_05\\\\Katalon Studio\\\\AcmeTest Cases\\\\PurchaseCancel,removeBook\\\\CancelPurchaseforTestSuite.tc","message":"Test Cases/PurchaseCancel,removeBook/CancelPurchaseforTestSuite FAILED because (of) Unable to click on object \u0027Object Repository/cancel purchase/Page_ACME ECOMM  Home/a_Books\u0027 (Root cause: com.kms.katalon.core.webui.exception.WebElementNotFoundException: Web element with id: \u0027Object Repository/cancel purchase/Page_ACME ECOMM  Home/a_Books\u0027 located by \u0027By.xpath: //a[count(. | //*[@href \u003d \u0027index.php?page\u003dbooks\u0027]) \u003d count(//*[@href \u003d \u0027index.php?page\u003dbooks\u0027])][count(. | //*[text() \u003d \u0027Books\u0027]) \u003d count(//*[text() \u003d \u0027Books\u0027])][count(. | id(\"main-big-col\")/div[@id\u003d\"product-list\"]/div[@class\u003d\"item\"]/b[1]/a[1]) \u003d count(id(\"main-big-col\")/div[@id\u003d\"product-list\"]/div[@class\u003d\"item\"]/b[1]/a[1])]\u0027 not found)","description":"continuing action after purchising one book, cancel confirmation of purchase another book","startTime":1510827604243,"endTime":1510827634974,"childRecords":[{"testStatus":{"stackTrace":"","statusValue":"INFO"},"type":"MESSAGE","name":"","message":"Evaluating variables for test case","startTime":1510827604277,"endTime":0,"childRecords":[],"interuppted":false},{"attachment":"1510827634914.png","index":1,"isIgnoredIfFailed":false,"type":"TEST_STEP","name":"click","message":"Unable to click on object \u0027Object Repository/cancel purchase/Page_ACME ECOMM  Home/a_Books\u0027 (Root cause: com.kms.katalon.core.webui.exception.WebElementNotFoundException: Web element with id: \u0027Object Repository/cancel purchase/Page_ACME ECOMM  Home/a_Books\u0027 located by \u0027By.xpath: //a[count(. | //*[@href \u003d \u0027index.php?page\u003dbooks\u0027]) \u003d count(//*[@href \u003d \u0027index.php?page\u003dbooks\u0027])][count(. | //*[text() \u003d \u0027Books\u0027]) \u003d count(//*[text() \u003d \u0027Books\u0027])][count(. | id(\"main-big-col\")/div[@id\u003d\"product-list\"]/div[@class\u003d\"item\"]/b[1]/a[1]) \u003d count(id(\"main-big-col\")/div[@id\u003d\"product-list\"]/div[@class\u003d\"item\"]/b[1]/a[1])]\u0027 not found)","description":"","startTime":1510827604428,"endTime":1510827634973,"childRecords":[{"testStatus":{"stackTrace":"","statusValue":"FAILED"},"attachment":"1510827634914.png","type":"MESSAGE","name":"","message":"Unable to click on object \u0027Object Repository/cancel purchase/Page_ACME ECOMM  Home/a_Books\u0027 (Root cause: com.kms.katalon.core.webui.exception.WebElementNotFoundException: Web element with id: \u0027Object Repository/cancel purchase/Page_ACME ECOMM  Home/a_Books\u0027 located by \u0027By.xpath: //a[count(. | //*[@href \u003d \u0027index.php?page\u003dbooks\u0027]) \u003d count(//*[@href \u003d \u0027index.php?page\u003dbooks\u0027])][count(. | //*[text() \u003d \u0027Books\u0027]) \u003d count(//*[text() \u003d \u0027Books\u0027])][count(. | id(\"main-big-col\")/div[@id\u003d\"product-list\"]/div[@class\u003d\"item\"]/b[1]/a[1]) \u003d count(id(\"main-big-col\")/div[@id\u003d\"product-list\"]/div[@class\u003d\"item\"]/b[1]/a[1])]\u0027 not found)","startTime":1510827634972,"endTime":0,"childRecords":[],"interuppted":false}],"interuppted":false},{"testStatus":{"stackTrace":"","statusValue":"FAILED"},"type":"MESSAGE","name":"","message":"Test Cases/PurchaseCancel,removeBook/CancelPurchaseforTestSuite FAILED because (of) Unable to click on object \u0027Object Repository/cancel purchase/Page_ACME ECOMM  Home/a_Books\u0027 (Root cause: com.kms.katalon.core.webui.exception.WebElementNotFoundException: Web element with id: \u0027Object Repository/cancel purchase/Page_ACME ECOMM  Home/a_Books\u0027 located by \u0027By.xpath: //a[count(. | //*[@href \u003d \u0027index.php?page\u003dbooks\u0027]) \u003d count(//*[@href \u003d \u0027index.php?page\u003dbooks\u0027])][count(. | //*[text() \u003d \u0027Books\u0027]) \u003d count(//*[text() \u003d \u0027Books\u0027])][count(. | id(\"main-big-col\")/div[@id\u003d\"product-list\"]/div[@class\u003d\"item\"]/b[1]/a[1]) \u003d count(id(\"main-big-col\")/div[@id\u003d\"product-list\"]/div[@class\u003d\"item\"]/b[1]/a[1])]\u0027 not found)","startTime":1510827634973,"endTime":0,"childRecords":[],"interuppted":false}],"interuppted":false}],"interuppted":false}