<?xml version="1.0" encoding="UTF-8"?>
<testsuites name="ConfirmandCancelpurchase" time="66" tests="0" failures="2" errors="0">
   <testsuite name="ConfirmandCancelpurchase" tests="0" failures="2" errors="0" time="66" timestamp="2017-11-16 11:19:29" hostname="QH_05 - 192.168.18.128" id="Test Suites/ConfirmandCancelpurchase">
      <properties>
         <property name="deviceName" value=""/>
         <property name="devicePlatform" value=""/>
         <property name="logFolder" value="C:\\Users\\QH_05\\Katalon Studio\\Acme\\Reports\\ConfirmandCancelpurchase\\20171116_111924"/>
         <property name="logFiles" value="C:\\Users\\QH_05\\Katalon Studio\\Acme\\Reports\\ConfirmandCancelpurchase\\20171116_111924\\execution0.log"/>
         <property name="attachments" value="C:\\Users\\QH_05\\Katalon Studio\\Acme\\Reports\\ConfirmandCancelpurchase\\20171116_111924\\1510827604014.png, C:\\Users\\QH_05\\Katalon Studio\\Acme\\Reports\\ConfirmandCancelpurchase\\20171116_111924\\1510827634914.png"/>
         <property name="hostName" value="QH_05 - 192.168.18.128"/>
         <property name="os" value="Windows 10 64bit"/>
         <property name="katalonVersion" value="5.0.1.1"/>
         <property name="browser" value="Firefox 56.0"/>
         <property name="hostAddress" value="192.168.18.128"/>
         <property name="sessionId" value="a935514d-5730-4c3f-b62d-c565cbf587bc"/>
         <property name="seleniumVersion" value="2.53.0"/>
         <property name="proxyInformation" value="ProxyInformation{proxyOption=NO_PROXY, proxyServerType=HTTP, password=, proxyServerAddress=, proxyServerPort=0}"/>
         <property name="platform" value="Windows 10"/>
      </properties>
      <testcase name="Test Cases/PurchaseCancel,removeBook/PurchaseBook" classname="Test Cases/PurchaseCancel,removeBook/PurchaseBook" status="FAILED">
         <failure type="FAILED" message="Unable to verify text 'Thank you for your purchase!' is present  (Root cause: org.openqa.selenium.NoSuchElementException: Unable to locate element: {&quot;method&quot;:&quot;tag name&quot;,&quot;selector&quot;:&quot;body&quot;}
Command duration or timeout: 250 milliseconds
For documentation on this error, please visit: http://seleniumhq.org/exceptions/no_such_element.html
Build info: version: '2.53.0', revision: '35ae25b', time: '2016-03-15 17:00:58'
System info: host: 'DESKTOP-RJBLQNG', ip: '192.168.18.128', os.name: 'Windows 10', os.arch: 'amd64', os.version: '10.0', java.version: '1.8.0_102'
Driver info: com.kms.katalon.core.webui.driver.firefox.CFirefoxDriver47
Capabilities [{applicationCacheEnabled=true, rotatable=false, handlesAlerts=true, databaseEnabled=true, version=56.0.2, platform=WINDOWS, nativeEvents=false, acceptSslCerts=true, webStorageEnabled=true, locationContextEnabled=true, browserName=firefox, takesScreenshot=true, javascriptEnabled=true, cssSelectorsEnabled=true}]
Session ID: a935514d-5730-4c3f-b62d-c565cbf587bc
*** Element info: {Using=tag name, value=body})"/>
         <system-out><![CDATA[2017-11-16 11:19:30 - [TEST_CASE][FAILED] - Test Cases/PurchaseCancel,removeBook/PurchaseBook: Test Cases/PurchaseCancel,removeBook/PurchaseBook FAILED because (of) Unable to verify text 'Thank you for your purchase!' is present  (Root cause: org.openqa.selenium.NoSuchElementException: Unable to locate element: {"method":"tag name","selector":"body"}
Command duration or timeout: 250 milliseconds
For documentation on this error, please visit: http://seleniumhq.org/exceptions/no_such_element.html
Build info: version: '2.53.0', revision: '35ae25b', time: '2016-03-15 17:00:58'
System info: host: 'DESKTOP-RJBLQNG', ip: '192.168.18.128', os.name: 'Windows 10', os.arch: 'amd64', os.version: '10.0', java.version: '1.8.0_102'
Driver info: com.kms.katalon.core.webui.driver.firefox.CFirefoxDriver47
Capabilities [{applicationCacheEnabled=true, rotatable=false, handlesAlerts=true, databaseEnabled=true, version=56.0.2, platform=WINDOWS, nativeEvents=false, acceptSslCerts=true, webStorageEnabled=true, locationContextEnabled=true, browserName=firefox, takesScreenshot=true, javascriptEnabled=true, cssSelectorsEnabled=true}]
Session ID: a935514d-5730-4c3f-b62d-c565cbf587bc
*** Element info: {Using=tag name, value=body})

2017-11-16 11:19:33 - [TEST_STEP][PASSED] - openBrowser: Browser is opened with url: ''

2017-11-16 11:20:00 - [MESSAGE][PASSED] - Browser is opened with url: ''

2017-11-16 11:20:00 - [TEST_STEP][PASSED] - navigateToUrl: Navigate to 'http://www.acme.qualityhouse.bg/build3/index.php' successfully

2017-11-16 11:20:00 - [MESSAGE][PASSED] - Navigate to 'http://www.acme.qualityhouse.bg/build3/index.php' successfully

2017-11-16 11:20:00 - [TEST_STEP][PASSED] - click: Object: 'Object Repository/PurchaseBook/a_Books' is clicked on

2017-11-16 11:20:01 - [MESSAGE][PASSED] - Object: 'Object Repository/PurchaseBook/a_Books' is clicked on

2017-11-16 11:20:01 - [TEST_STEP][PASSED] - click: Object: 'Object Repository/PurchaseBook/a_Art' is clicked on

2017-11-16 11:20:01 - [MESSAGE][PASSED] - Object: 'Object Repository/PurchaseBook/a_Art' is clicked on

2017-11-16 11:20:01 - [TEST_STEP][PASSED] - click: Object: 'Object Repository/PurchaseBook/a_add to basket' is clicked on

2017-11-16 11:20:02 - [MESSAGE][PASSED] - Object: 'Object Repository/PurchaseBook/a_add to basket' is clicked on

2017-11-16 11:20:02 - [TEST_STEP][PASSED] - click: Object: 'Object Repository/PurchaseBook/a_Basket (1)' is clicked on

2017-11-16 11:20:02 - [MESSAGE][PASSED] - Object: 'Object Repository/PurchaseBook/a_Basket (1)' is clicked on

2017-11-16 11:20:02 - [TEST_STEP][PASSED] - click: Object: 'Object Repository/PurchaseBook/a_Checkout' is clicked on

2017-11-16 11:20:02 - [MESSAGE][PASSED] - Object: 'Object Repository/PurchaseBook/a_Checkout' is clicked on

2017-11-16 11:20:02 - [TEST_STEP][PASSED] - acceptAlert: Alert accepted

2017-11-16 11:20:03 - [MESSAGE][PASSED] - Alert accepted

2017-11-16 11:20:03 - [TEST_STEP][PASSED] - setText: Text 'student1' is set on object 'Object Repository/PurchaseBook/input_username'

2017-11-16 11:20:03 - [MESSAGE][PASSED] - Text 'student1' is set on object 'Object Repository/PurchaseBook/input_username'

2017-11-16 11:20:03 - [TEST_STEP][PASSED] - setText: Text 'stpass1' is set on object 'Object Repository/PurchaseBook/input_userpass'

2017-11-16 11:20:03 - [MESSAGE][PASSED] - Text 'stpass1' is set on object 'Object Repository/PurchaseBook/input_userpass'

2017-11-16 11:20:03 - [TEST_STEP][PASSED] - click: Object: 'Object Repository/PurchaseBook/input_ses_login' is clicked on

2017-11-16 11:20:03 - [MESSAGE][PASSED] - Object: 'Object Repository/PurchaseBook/input_ses_login' is clicked on

2017-11-16 11:20:03 - [TEST_STEP][PASSED] - click: Object: 'Object Repository/PurchaseBook/a_Confirm Purchase' is clicked on

2017-11-16 11:20:03 - [MESSAGE][PASSED] - Object: 'Object Repository/PurchaseBook/a_Confirm Purchase' is clicked on

2017-11-16 11:20:03 - [TEST_STEP][PASSED] - acceptAlert: Alert accepted

2017-11-16 11:20:03 - [MESSAGE][PASSED] - Alert accepted

2017-11-16 11:20:03 - [TEST_STEP][FAILED] - verifyTextPresent: Unable to verify text 'Thank you for your purchase!' is present  (Root cause: org.openqa.selenium.NoSuchElementException: Unable to locate element: {"method":"tag name","selector":"body"}
Command duration or timeout: 250 milliseconds
For documentation on this error, please visit: http://seleniumhq.org/exceptions/no_such_element.html
Build info: version: '2.53.0', revision: '35ae25b', time: '2016-03-15 17:00:58'
System info: host: 'DESKTOP-RJBLQNG', ip: '192.168.18.128', os.name: 'Windows 10', os.arch: 'amd64', os.version: '10.0', java.version: '1.8.0_102'
Driver info: com.kms.katalon.core.webui.driver.firefox.CFirefoxDriver47
Capabilities [{applicationCacheEnabled=true, rotatable=false, handlesAlerts=true, databaseEnabled=true, version=56.0.2, platform=WINDOWS, nativeEvents=false, acceptSslCerts=true, webStorageEnabled=true, locationContextEnabled=true, browserName=firefox, takesScreenshot=true, javascriptEnabled=true, cssSelectorsEnabled=true}]
Session ID: a935514d-5730-4c3f-b62d-c565cbf587bc
*** Element info: {Using=tag name, value=body})

2017-11-16 11:20:04 - [MESSAGE][FAILED] - Unable to verify text 'Thank you for your purchase!' is present  (Root cause: org.openqa.selenium.NoSuchElementException: Unable to locate element: {"method":"tag name","selector":"body"}
Command duration or timeout: 250 milliseconds
For documentation on this error, please visit: http://seleniumhq.org/exceptions/no_such_element.html
Build info: version: '2.53.0', revision: '35ae25b', time: '2016-03-15 17:00:58'
System info: host: 'DESKTOP-RJBLQNG', ip: '192.168.18.128', os.name: 'Windows 10', os.arch: 'amd64', os.version: '10.0', java.version: '1.8.0_102'
Driver info: com.kms.katalon.core.webui.driver.firefox.CFirefoxDriver47
Capabilities [{applicationCacheEnabled=true, rotatable=false, handlesAlerts=true, databaseEnabled=true, version=56.0.2, platform=WINDOWS, nativeEvents=false, acceptSslCerts=true, webStorageEnabled=true, locationContextEnabled=true, browserName=firefox, takesScreenshot=true, javascriptEnabled=true, cssSelectorsEnabled=true}]
Session ID: a935514d-5730-4c3f-b62d-c565cbf587bc
*** Element info: {Using=tag name, value=body})
[[ATTACHMENT|C:\\Users\\QH_05\\Katalon Studio\\Acme\\Reports\\ConfirmandCancelpurchase\\20171116_111924\\1510827604014.png]]]]></system-out>
         <system-err><![CDATA[2017-11-16 11:19:30 - [TEST_CASE][FAILED] - Test Cases/PurchaseCancel,removeBook/PurchaseBook: Test Cases/PurchaseCancel,removeBook/PurchaseBook FAILED because (of) Unable to verify text 'Thank you for your purchase!' is present  (Root cause: org.openqa.selenium.NoSuchElementException: Unable to locate element: {"method":"tag name","selector":"body"}
Command duration or timeout: 250 milliseconds
For documentation on this error, please visit: http://seleniumhq.org/exceptions/no_such_element.html
Build info: version: '2.53.0', revision: '35ae25b', time: '2016-03-15 17:00:58'
System info: host: 'DESKTOP-RJBLQNG', ip: '192.168.18.128', os.name: 'Windows 10', os.arch: 'amd64', os.version: '10.0', java.version: '1.8.0_102'
Driver info: com.kms.katalon.core.webui.driver.firefox.CFirefoxDriver47
Capabilities [{applicationCacheEnabled=true, rotatable=false, handlesAlerts=true, databaseEnabled=true, version=56.0.2, platform=WINDOWS, nativeEvents=false, acceptSslCerts=true, webStorageEnabled=true, locationContextEnabled=true, browserName=firefox, takesScreenshot=true, javascriptEnabled=true, cssSelectorsEnabled=true}]
Session ID: a935514d-5730-4c3f-b62d-c565cbf587bc
*** Element info: {Using=tag name, value=body})]]></system-err>
      </testcase>
      <testcase name="Test Cases/PurchaseCancel,removeBook/CancelPurchaseforTestSuite" classname="Test Cases/PurchaseCancel,removeBook/CancelPurchaseforTestSuite" status="FAILED">
         <failure type="FAILED" message="Unable to click on object 'Object Repository/cancel purchase/Page_ACME ECOMM  Home/a_Books' (Root cause: com.kms.katalon.core.webui.exception.WebElementNotFoundException: Web element with id: 'Object Repository/cancel purchase/Page_ACME ECOMM  Home/a_Books' located by 'By.xpath: //a[count(. | //*[@href = 'index.php?page=books']) = count(//*[@href = 'index.php?page=books'])][count(. | //*[text() = 'Books']) = count(//*[text() = 'Books'])][count(. | id(&quot;main-big-col&quot;)/div[@id=&quot;product-list&quot;]/div[@class=&quot;item&quot;]/b[1]/a[1]) = count(id(&quot;main-big-col&quot;)/div[@id=&quot;product-list&quot;]/div[@class=&quot;item&quot;]/b[1]/a[1])]' not found)"/>
         <system-out><![CDATA[2017-11-16 11:20:04 - [TEST_CASE][FAILED] - Test Cases/PurchaseCancel,removeBook/CancelPurchaseforTestSuite: Test Cases/PurchaseCancel,removeBook/CancelPurchaseforTestSuite FAILED because (of) Unable to click on object 'Object Repository/cancel purchase/Page_ACME ECOMM  Home/a_Books' (Root cause: com.kms.katalon.core.webui.exception.WebElementNotFoundException: Web element with id: 'Object Repository/cancel purchase/Page_ACME ECOMM  Home/a_Books' located by 'By.xpath: //a[count(. | //*[@href = 'index.php?page=books']) = count(//*[@href = 'index.php?page=books'])][count(. | //*[text() = 'Books']) = count(//*[text() = 'Books'])][count(. | id("main-big-col")/div[@id="product-list"]/div[@class="item"]/b[1]/a[1]) = count(id("main-big-col")/div[@id="product-list"]/div[@class="item"]/b[1]/a[1])]' not found)

2017-11-16 11:20:04 - [TEST_STEP][FAILED] - click: Unable to click on object 'Object Repository/cancel purchase/Page_ACME ECOMM  Home/a_Books' (Root cause: com.kms.katalon.core.webui.exception.WebElementNotFoundException: Web element with id: 'Object Repository/cancel purchase/Page_ACME ECOMM  Home/a_Books' located by 'By.xpath: //a[count(. | //*[@href = 'index.php?page=books']) = count(//*[@href = 'index.php?page=books'])][count(. | //*[text() = 'Books']) = count(//*[text() = 'Books'])][count(. | id("main-big-col")/div[@id="product-list"]/div[@class="item"]/b[1]/a[1]) = count(id("main-big-col")/div[@id="product-list"]/div[@class="item"]/b[1]/a[1])]' not found)

2017-11-16 11:20:34 - [MESSAGE][FAILED] - Unable to click on object 'Object Repository/cancel purchase/Page_ACME ECOMM  Home/a_Books' (Root cause: com.kms.katalon.core.webui.exception.WebElementNotFoundException: Web element with id: 'Object Repository/cancel purchase/Page_ACME ECOMM  Home/a_Books' located by 'By.xpath: //a[count(. | //*[@href = 'index.php?page=books']) = count(//*[@href = 'index.php?page=books'])][count(. | //*[text() = 'Books']) = count(//*[text() = 'Books'])][count(. | id("main-big-col")/div[@id="product-list"]/div[@class="item"]/b[1]/a[1]) = count(id("main-big-col")/div[@id="product-list"]/div[@class="item"]/b[1]/a[1])]' not found)
[[ATTACHMENT|C:\\Users\\QH_05\\Katalon Studio\\Acme\\Reports\\ConfirmandCancelpurchase\\20171116_111924\\1510827634914.png]]]]></system-out>
         <system-err><![CDATA[2017-11-16 11:20:04 - [TEST_CASE][FAILED] - Test Cases/PurchaseCancel,removeBook/CancelPurchaseforTestSuite: Test Cases/PurchaseCancel,removeBook/CancelPurchaseforTestSuite FAILED because (of) Unable to click on object 'Object Repository/cancel purchase/Page_ACME ECOMM  Home/a_Books' (Root cause: com.kms.katalon.core.webui.exception.WebElementNotFoundException: Web element with id: 'Object Repository/cancel purchase/Page_ACME ECOMM  Home/a_Books' located by 'By.xpath: //a[count(. | //*[@href = 'index.php?page=books']) = count(//*[@href = 'index.php?page=books'])][count(. | //*[text() = 'Books']) = count(//*[text() = 'Books'])][count(. | id("main-big-col")/div[@id="product-list"]/div[@class="item"]/b[1]/a[1]) = count(id("main-big-col")/div[@id="product-list"]/div[@class="item"]/b[1]/a[1])]' not found)]]></system-err>
      </testcase>
      <system-out><![CDATA[2017-11-16 11:19:29 - [TEST_SUITE][FAILED] - ConfirmandCancelpurchase: Test Cases/PurchaseCancel,removeBook/PurchaseBook FAILED because (of) Unable to verify text 'Thank you for your purchase!' is present  (Root cause: org.openqa.selenium.NoSuchElementException: Unable to locate element: {"method":"tag name","selector":"body"}
Command duration or timeout: 250 milliseconds
For documentation on this error, please visit: http://seleniumhq.org/exceptions/no_such_element.html
Build info: version: '2.53.0', revision: '35ae25b', time: '2016-03-15 17:00:58'
System info: host: 'DESKTOP-RJBLQNG', ip: '192.168.18.128', os.name: 'Windows 10', os.arch: 'amd64', os.version: '10.0', java.version: '1.8.0_102'
Driver info: com.kms.katalon.core.webui.driver.firefox.CFirefoxDriver47
Capabilities [{applicationCacheEnabled=true, rotatable=false, handlesAlerts=true, databaseEnabled=true, version=56.0.2, platform=WINDOWS, nativeEvents=false, acceptSslCerts=true, webStorageEnabled=true, locationContextEnabled=true, browserName=firefox, takesScreenshot=true, javascriptEnabled=true, cssSelectorsEnabled=true}]
Session ID: a935514d-5730-4c3f-b62d-c565cbf587bc
*** Element info: {Using=tag name, value=body})]]></system-out>
      <system-err><![CDATA[2017-11-16 11:19:29 - [TEST_SUITE][FAILED] - ConfirmandCancelpurchase: Test Cases/PurchaseCancel,removeBook/PurchaseBook FAILED because (of) Unable to verify text 'Thank you for your purchase!' is present  (Root cause: org.openqa.selenium.NoSuchElementException: Unable to locate element: {"method":"tag name","selector":"body"}
Command duration or timeout: 250 milliseconds
For documentation on this error, please visit: http://seleniumhq.org/exceptions/no_such_element.html
Build info: version: '2.53.0', revision: '35ae25b', time: '2016-03-15 17:00:58'
System info: host: 'DESKTOP-RJBLQNG', ip: '192.168.18.128', os.name: 'Windows 10', os.arch: 'amd64', os.version: '10.0', java.version: '1.8.0_102'
Driver info: com.kms.katalon.core.webui.driver.firefox.CFirefoxDriver47
Capabilities [{applicationCacheEnabled=true, rotatable=false, handlesAlerts=true, databaseEnabled=true, version=56.0.2, platform=WINDOWS, nativeEvents=false, acceptSslCerts=true, webStorageEnabled=true, locationContextEnabled=true, browserName=firefox, takesScreenshot=true, javascriptEnabled=true, cssSelectorsEnabled=true}]
Session ID: a935514d-5730-4c3f-b62d-c565cbf587bc
*** Element info: {Using=tag name, value=body})]]></system-err>
   </testsuite>
</testsuites>
