<?xml version="1.0" encoding="UTF-8"?>
<testsuites name="ConfirmandCancelpurchase" time="13" tests="1" failures="1" errors="0">
   <testsuite name="ConfirmandCancelpurchase" tests="1" failures="1" errors="0" time="13" timestamp="2017-11-16 11:38:53" hostname="QH_05 - 192.168.18.128" id="Test Suites/ConfirmandCancelpurchase">
      <properties>
         <property name="deviceName" value=""/>
         <property name="devicePlatform" value=""/>
         <property name="logFolder" value="C:\\Users\\QH_05\\Katalon Studio\\Acme\\Reports\\ConfirmandCancelpurchase\\20171116_113849"/>
         <property name="logFiles" value="C:\\Users\\QH_05\\Katalon Studio\\Acme\\Reports\\ConfirmandCancelpurchase\\20171116_113849\\execution0.log"/>
         <property name="attachments" value=""/>
         <property name="hostName" value="QH_05 - 192.168.18.128"/>
         <property name="os" value="Windows 10 64bit"/>
         <property name="katalonVersion" value="5.0.1.1"/>
         <property name="browser" value="Chrome 61.0.3163.100"/>
         <property name="hostAddress" value="192.168.18.128"/>
         <property name="sessionId" value="0a0f259fd73cb0fb00648d3d226f7ad5"/>
         <property name="seleniumVersion" value="2.53.0"/>
         <property name="proxyInformation" value="ProxyInformation{proxyOption=NO_PROXY, proxyServerType=HTTP, password=, proxyServerAddress=, proxyServerPort=0}"/>
         <property name="platform" value="Windows 10"/>
      </properties>
      <testcase name="Test Cases/PurchaseCancel,removeBook/PurchaseBook" classname="Test Cases/PurchaseCancel,removeBook/PurchaseBook" status="PASSED">
         <system-out><![CDATA[2017-11-16 11:38:53 - [TEST_CASE][PASSED] - Test Cases/PurchaseCancel,removeBook/PurchaseBook: Test Cases/PurchaseCancel,removeBook/PurchaseBook

2017-11-16 11:38:55 - [TEST_STEP][PASSED] - openBrowser: Browser is opened with url: ''

2017-11-16 11:39:00 - [MESSAGE][PASSED] - Browser is opened with url: ''

2017-11-16 11:39:00 - [TEST_STEP][PASSED] - navigateToUrl: Navigate to 'http://www.acme.qualityhouse.bg/build3/index.php' successfully

2017-11-16 11:39:01 - [MESSAGE][PASSED] - Navigate to 'http://www.acme.qualityhouse.bg/build3/index.php' successfully

2017-11-16 11:39:01 - [TEST_STEP][PASSED] - click: Object: 'Object Repository/PurchaseBook/a_Books' is clicked on

2017-11-16 11:39:01 - [MESSAGE][PASSED] - Object: 'Object Repository/PurchaseBook/a_Books' is clicked on

2017-11-16 11:39:01 - [TEST_STEP][PASSED] - click: Object: 'Object Repository/PurchaseBook/a_Art' is clicked on

2017-11-16 11:39:01 - [MESSAGE][PASSED] - Object: 'Object Repository/PurchaseBook/a_Art' is clicked on

2017-11-16 11:39:01 - [TEST_STEP][PASSED] - click: Object: 'Object Repository/PurchaseBook/a_add to basket' is clicked on

2017-11-16 11:39:02 - [MESSAGE][PASSED] - Object: 'Object Repository/PurchaseBook/a_add to basket' is clicked on

2017-11-16 11:39:02 - [TEST_STEP][PASSED] - click: Object: 'Object Repository/PurchaseBook/a_Basket (1)' is clicked on

2017-11-16 11:39:03 - [MESSAGE][PASSED] - Object: 'Object Repository/PurchaseBook/a_Basket (1)' is clicked on

2017-11-16 11:39:03 - [TEST_STEP][PASSED] - click: Object: 'Object Repository/PurchaseBook/a_Checkout' is clicked on

2017-11-16 11:39:03 - [MESSAGE][PASSED] - Object: 'Object Repository/PurchaseBook/a_Checkout' is clicked on

2017-11-16 11:39:03 - [TEST_STEP][PASSED] - acceptAlert: Alert accepted

2017-11-16 11:39:03 - [MESSAGE][PASSED] - Alert accepted

2017-11-16 11:39:03 - [TEST_STEP][PASSED] - setText: Text 'student1' is set on object 'Object Repository/PurchaseBook/input_username'

2017-11-16 11:39:03 - [MESSAGE][PASSED] - Text 'student1' is set on object 'Object Repository/PurchaseBook/input_username'

2017-11-16 11:39:03 - [TEST_STEP][PASSED] - setText: Text 'stpass1' is set on object 'Object Repository/PurchaseBook/input_userpass'

2017-11-16 11:39:04 - [MESSAGE][PASSED] - Text 'stpass1' is set on object 'Object Repository/PurchaseBook/input_userpass'

2017-11-16 11:39:04 - [TEST_STEP][PASSED] - click: Object: 'Object Repository/PurchaseBook/input_ses_login' is clicked on

2017-11-16 11:39:04 - [MESSAGE][PASSED] - Object: 'Object Repository/PurchaseBook/input_ses_login' is clicked on

2017-11-16 11:39:04 - [TEST_STEP][PASSED] - click: Object: 'Object Repository/PurchaseBook/a_Confirm Purchase' is clicked on

2017-11-16 11:39:04 - [MESSAGE][PASSED] - Object: 'Object Repository/PurchaseBook/a_Confirm Purchase' is clicked on

2017-11-16 11:39:04 - [TEST_STEP][PASSED] - acceptAlert: Alert accepted

2017-11-16 11:39:04 - [MESSAGE][PASSED] - Alert accepted

2017-11-16 11:39:04 - [TEST_STEP][PASSED] - verifyTextPresent: Text 'Thank you for your purchase!' is present on page 

2017-11-16 11:39:04 - [MESSAGE][PASSED] - Text 'Thank you for your purchase!' is present on page 

2017-11-16 11:39:04 - [TEST_STEP][PASSED] - click: Object: 'Object Repository/PurchaseBook/a_Go to Home page' is clicked on

2017-11-16 11:39:04 - [MESSAGE][PASSED] - Object: 'Object Repository/PurchaseBook/a_Go to Home page' is clicked on]]></system-out>
         <system-err><![CDATA[]]></system-err>
      </testcase>
      <testcase name="Test Cases/PurchaseCancel,removeBook/CancelPurchaseforTestSuite" classname="Test Cases/PurchaseCancel,removeBook/CancelPurchaseforTestSuite" status="FAILED">
         <failure type="FAILED" message="Unable to verify text 'Home' is present  using regular expression (Root cause: org.openqa.selenium.UnhandledAlertException: unexpected alert open: {Alert text : Do you want to cancel this purchase?}
  (Session info: chrome=61.0.3163.100)
  (Driver info: chromedriver=2.33.506120 (e3e53437346286c0bc2d2dc9aa4915ba81d9023f),platform=Windows NT 10.0.15063 x86_64) (WARNING: The server did not provide any stacktrace information)
Command duration or timeout: 10 milliseconds: null
Build info: version: '2.53.0', revision: '35ae25b', time: '2016-03-15 17:00:58'
System info: host: 'DESKTOP-RJBLQNG', ip: '192.168.18.128', os.name: 'Windows 10', os.arch: 'amd64', os.version: '10.0', java.version: '1.8.0_102'
Driver info: com.kms.katalon.selenium.driver.CChromeDriver
Capabilities [{applicationCacheEnabled=false, rotatable=false, mobileEmulationEnabled=false, networkConnectionEnabled=false, chrome={chromedriverVersion=2.33.506120 (e3e53437346286c0bc2d2dc9aa4915ba81d9023f), userDataDir=C:\Users\QH_05\AppData\Local\Temp\scoped_dir8928_12768}, takesHeapSnapshot=true, pageLoadStrategy=normal, databaseEnabled=false, handlesAlerts=true, hasTouchScreen=false, version=61.0.3163.100, platform=XP, browserConnectionEnabled=false, nativeEvents=true, acceptSslCerts=true, locationContextEnabled=true, webStorageEnabled=true, browserName=chrome, takesScreenshot=true, javascriptEnabled=true, cssSelectorsEnabled=true, setWindowRect=true, unexpectedAlertBehaviour=}]
Session ID: 0a0f259fd73cb0fb00648d3d226f7ad5
*** Element info: {Using=tag name, value=body})"/>
         <system-out><![CDATA[2017-11-16 11:39:04 - [TEST_CASE][FAILED] - Test Cases/PurchaseCancel,removeBook/CancelPurchaseforTestSuite: Test Cases/PurchaseCancel,removeBook/CancelPurchaseforTestSuite FAILED because (of) Unable to verify text 'Home' is present  using regular expression (Root cause: org.openqa.selenium.UnhandledAlertException: unexpected alert open: {Alert text : Do you want to cancel this purchase?}
  (Session info: chrome=61.0.3163.100)
  (Driver info: chromedriver=2.33.506120 (e3e53437346286c0bc2d2dc9aa4915ba81d9023f),platform=Windows NT 10.0.15063 x86_64) (WARNING: The server did not provide any stacktrace information)
Command duration or timeout: 10 milliseconds: null
Build info: version: '2.53.0', revision: '35ae25b', time: '2016-03-15 17:00:58'
System info: host: 'DESKTOP-RJBLQNG', ip: '192.168.18.128', os.name: 'Windows 10', os.arch: 'amd64', os.version: '10.0', java.version: '1.8.0_102'
Driver info: com.kms.katalon.selenium.driver.CChromeDriver
Capabilities [{applicationCacheEnabled=false, rotatable=false, mobileEmulationEnabled=false, networkConnectionEnabled=false, chrome={chromedriverVersion=2.33.506120 (e3e53437346286c0bc2d2dc9aa4915ba81d9023f), userDataDir=C:\Users\QH_05\AppData\Local\Temp\scoped_dir8928_12768}, takesHeapSnapshot=true, pageLoadStrategy=normal, databaseEnabled=false, handlesAlerts=true, hasTouchScreen=false, version=61.0.3163.100, platform=XP, browserConnectionEnabled=false, nativeEvents=true, acceptSslCerts=true, locationContextEnabled=true, webStorageEnabled=true, browserName=chrome, takesScreenshot=true, javascriptEnabled=true, cssSelectorsEnabled=true, setWindowRect=true, unexpectedAlertBehaviour=}]
Session ID: 0a0f259fd73cb0fb00648d3d226f7ad5
*** Element info: {Using=tag name, value=body})

2017-11-16 11:39:04 - [TEST_STEP][PASSED] - click: Object: 'Object Repository/cancel purchase/Page_ACME ECOMM  Home/a_Books' is clicked on

2017-11-16 11:39:05 - [MESSAGE][PASSED] - Object: 'Object Repository/cancel purchase/Page_ACME ECOMM  Home/a_Books' is clicked on

2017-11-16 11:39:05 - [TEST_STEP][PASSED] - click: Object: 'Object Repository/BookArtDetail/a_Art' is clicked on

2017-11-16 11:39:05 - [MESSAGE][PASSED] - Object: 'Object Repository/BookArtDetail/a_Art' is clicked on

2017-11-16 11:39:05 - [TEST_STEP][PASSED] - click: Object: 'Object Repository/cancel purchase/Page_ACME ECOMM  BooksBiographies/a_add to basket' is clicked on

2017-11-16 11:39:05 - [MESSAGE][PASSED] - Object: 'Object Repository/cancel purchase/Page_ACME ECOMM  BooksBiographies/a_add to basket' is clicked on

2017-11-16 11:39:05 - [TEST_STEP][PASSED] - click: Object: 'Object Repository/cancel purchase/Page_ACME ECOMM  BooksBiographies/a_Basket' is clicked on

2017-11-16 11:39:05 - [MESSAGE][PASSED] - Object: 'Object Repository/cancel purchase/Page_ACME ECOMM  BooksBiographies/a_Basket' is clicked on

2017-11-16 11:39:05 - [TEST_STEP][PASSED] - click: Object: 'Object Repository/PurchaseBook/a_Checkout' is clicked on

2017-11-16 11:39:05 - [MESSAGE][PASSED] - Object: 'Object Repository/PurchaseBook/a_Checkout' is clicked on

2017-11-16 11:39:05 - [TEST_STEP][PASSED] - acceptAlert: Alert accepted

2017-11-16 11:39:05 - [MESSAGE][PASSED] - Alert accepted

2017-11-16 11:39:05 - [TEST_STEP][PASSED] - click: Object: 'Object Repository/cancel purchase/Page_ACME ECOMM  Checkout/a_Cancel Purchase' is clicked on

2017-11-16 11:39:05 - [MESSAGE][PASSED] - Object: 'Object Repository/cancel purchase/Page_ACME ECOMM  Checkout/a_Cancel Purchase' is clicked on

2017-11-16 11:39:05 - [TEST_STEP][FAILED] - verifyTextPresent: Unable to verify text 'Home' is present  using regular expression (Root cause: org.openqa.selenium.UnhandledAlertException: unexpected alert open: {Alert text : Do you want to cancel this purchase?}
  (Session info: chrome=61.0.3163.100)
  (Driver info: chromedriver=2.33.506120 (e3e53437346286c0bc2d2dc9aa4915ba81d9023f),platform=Windows NT 10.0.15063 x86_64) (WARNING: The server did not provide any stacktrace information)
Command duration or timeout: 10 milliseconds: null
Build info: version: '2.53.0', revision: '35ae25b', time: '2016-03-15 17:00:58'
System info: host: 'DESKTOP-RJBLQNG', ip: '192.168.18.128', os.name: 'Windows 10', os.arch: 'amd64', os.version: '10.0', java.version: '1.8.0_102'
Driver info: com.kms.katalon.selenium.driver.CChromeDriver
Capabilities [{applicationCacheEnabled=false, rotatable=false, mobileEmulationEnabled=false, networkConnectionEnabled=false, chrome={chromedriverVersion=2.33.506120 (e3e53437346286c0bc2d2dc9aa4915ba81d9023f), userDataDir=C:\Users\QH_05\AppData\Local\Temp\scoped_dir8928_12768}, takesHeapSnapshot=true, pageLoadStrategy=normal, databaseEnabled=false, handlesAlerts=true, hasTouchScreen=false, version=61.0.3163.100, platform=XP, browserConnectionEnabled=false, nativeEvents=true, acceptSslCerts=true, locationContextEnabled=true, webStorageEnabled=true, browserName=chrome, takesScreenshot=true, javascriptEnabled=true, cssSelectorsEnabled=true, setWindowRect=true, unexpectedAlertBehaviour=}]
Session ID: 0a0f259fd73cb0fb00648d3d226f7ad5
*** Element info: {Using=tag name, value=body})

2017-11-16 11:39:05 - [MESSAGE][WARNING] - Cannot take screenshot

2017-11-16 11:39:05 - [MESSAGE][FAILED] - Unable to verify text 'Home' is present  using regular expression (Root cause: org.openqa.selenium.UnhandledAlertException: unexpected alert open: {Alert text : Do you want to cancel this purchase?}
  (Session info: chrome=61.0.3163.100)
  (Driver info: chromedriver=2.33.506120 (e3e53437346286c0bc2d2dc9aa4915ba81d9023f),platform=Windows NT 10.0.15063 x86_64) (WARNING: The server did not provide any stacktrace information)
Command duration or timeout: 10 milliseconds: null
Build info: version: '2.53.0', revision: '35ae25b', time: '2016-03-15 17:00:58'
System info: host: 'DESKTOP-RJBLQNG', ip: '192.168.18.128', os.name: 'Windows 10', os.arch: 'amd64', os.version: '10.0', java.version: '1.8.0_102'
Driver info: com.kms.katalon.selenium.driver.CChromeDriver
Capabilities [{applicationCacheEnabled=false, rotatable=false, mobileEmulationEnabled=false, networkConnectionEnabled=false, chrome={chromedriverVersion=2.33.506120 (e3e53437346286c0bc2d2dc9aa4915ba81d9023f), userDataDir=C:\Users\QH_05\AppData\Local\Temp\scoped_dir8928_12768}, takesHeapSnapshot=true, pageLoadStrategy=normal, databaseEnabled=false, handlesAlerts=true, hasTouchScreen=false, version=61.0.3163.100, platform=XP, browserConnectionEnabled=false, nativeEvents=true, acceptSslCerts=true, locationContextEnabled=true, webStorageEnabled=true, browserName=chrome, takesScreenshot=true, javascriptEnabled=true, cssSelectorsEnabled=true, setWindowRect=true, unexpectedAlertBehaviour=}]
Session ID: 0a0f259fd73cb0fb00648d3d226f7ad5
*** Element info: {Using=tag name, value=body})]]></system-out>
         <system-err><![CDATA[2017-11-16 11:39:04 - [TEST_CASE][FAILED] - Test Cases/PurchaseCancel,removeBook/CancelPurchaseforTestSuite: Test Cases/PurchaseCancel,removeBook/CancelPurchaseforTestSuite FAILED because (of) Unable to verify text 'Home' is present  using regular expression (Root cause: org.openqa.selenium.UnhandledAlertException: unexpected alert open: {Alert text : Do you want to cancel this purchase?}
  (Session info: chrome=61.0.3163.100)
  (Driver info: chromedriver=2.33.506120 (e3e53437346286c0bc2d2dc9aa4915ba81d9023f),platform=Windows NT 10.0.15063 x86_64) (WARNING: The server did not provide any stacktrace information)
Command duration or timeout: 10 milliseconds: null
Build info: version: '2.53.0', revision: '35ae25b', time: '2016-03-15 17:00:58'
System info: host: 'DESKTOP-RJBLQNG', ip: '192.168.18.128', os.name: 'Windows 10', os.arch: 'amd64', os.version: '10.0', java.version: '1.8.0_102'
Driver info: com.kms.katalon.selenium.driver.CChromeDriver
Capabilities [{applicationCacheEnabled=false, rotatable=false, mobileEmulationEnabled=false, networkConnectionEnabled=false, chrome={chromedriverVersion=2.33.506120 (e3e53437346286c0bc2d2dc9aa4915ba81d9023f), userDataDir=C:\Users\QH_05\AppData\Local\Temp\scoped_dir8928_12768}, takesHeapSnapshot=true, pageLoadStrategy=normal, databaseEnabled=false, handlesAlerts=true, hasTouchScreen=false, version=61.0.3163.100, platform=XP, browserConnectionEnabled=false, nativeEvents=true, acceptSslCerts=true, locationContextEnabled=true, webStorageEnabled=true, browserName=chrome, takesScreenshot=true, javascriptEnabled=true, cssSelectorsEnabled=true, setWindowRect=true, unexpectedAlertBehaviour=}]
Session ID: 0a0f259fd73cb0fb00648d3d226f7ad5
*** Element info: {Using=tag name, value=body})]]></system-err>
      </testcase>
      <system-out><![CDATA[2017-11-16 11:38:53 - [TEST_SUITE][FAILED] - ConfirmandCancelpurchase: Test Cases/PurchaseCancel,removeBook/CancelPurchaseforTestSuite FAILED because (of) Unable to verify text 'Home' is present  using regular expression (Root cause: org.openqa.selenium.UnhandledAlertException: unexpected alert open: {Alert text : Do you want to cancel this purchase?}
  (Session info: chrome=61.0.3163.100)
  (Driver info: chromedriver=2.33.506120 (e3e53437346286c0bc2d2dc9aa4915ba81d9023f),platform=Windows NT 10.0.15063 x86_64) (WARNING: The server did not provide any stacktrace information)
Command duration or timeout: 10 milliseconds: null
Build info: version: '2.53.0', revision: '35ae25b', time: '2016-03-15 17:00:58'
System info: host: 'DESKTOP-RJBLQNG', ip: '192.168.18.128', os.name: 'Windows 10', os.arch: 'amd64', os.version: '10.0', java.version: '1.8.0_102'
Driver info: com.kms.katalon.selenium.driver.CChromeDriver
Capabilities [{applicationCacheEnabled=false, rotatable=false, mobileEmulationEnabled=false, networkConnectionEnabled=false, chrome={chromedriverVersion=2.33.506120 (e3e53437346286c0bc2d2dc9aa4915ba81d9023f), userDataDir=C:\Users\QH_05\AppData\Local\Temp\scoped_dir8928_12768}, takesHeapSnapshot=true, pageLoadStrategy=normal, databaseEnabled=false, handlesAlerts=true, hasTouchScreen=false, version=61.0.3163.100, platform=XP, browserConnectionEnabled=false, nativeEvents=true, acceptSslCerts=true, locationContextEnabled=true, webStorageEnabled=true, browserName=chrome, takesScreenshot=true, javascriptEnabled=true, cssSelectorsEnabled=true, setWindowRect=true, unexpectedAlertBehaviour=}]
Session ID: 0a0f259fd73cb0fb00648d3d226f7ad5
*** Element info: {Using=tag name, value=body})]]></system-out>
      <system-err><![CDATA[2017-11-16 11:38:53 - [TEST_SUITE][FAILED] - ConfirmandCancelpurchase: Test Cases/PurchaseCancel,removeBook/CancelPurchaseforTestSuite FAILED because (of) Unable to verify text 'Home' is present  using regular expression (Root cause: org.openqa.selenium.UnhandledAlertException: unexpected alert open: {Alert text : Do you want to cancel this purchase?}
  (Session info: chrome=61.0.3163.100)
  (Driver info: chromedriver=2.33.506120 (e3e53437346286c0bc2d2dc9aa4915ba81d9023f),platform=Windows NT 10.0.15063 x86_64) (WARNING: The server did not provide any stacktrace information)
Command duration or timeout: 10 milliseconds: null
Build info: version: '2.53.0', revision: '35ae25b', time: '2016-03-15 17:00:58'
System info: host: 'DESKTOP-RJBLQNG', ip: '192.168.18.128', os.name: 'Windows 10', os.arch: 'amd64', os.version: '10.0', java.version: '1.8.0_102'
Driver info: com.kms.katalon.selenium.driver.CChromeDriver
Capabilities [{applicationCacheEnabled=false, rotatable=false, mobileEmulationEnabled=false, networkConnectionEnabled=false, chrome={chromedriverVersion=2.33.506120 (e3e53437346286c0bc2d2dc9aa4915ba81d9023f), userDataDir=C:\Users\QH_05\AppData\Local\Temp\scoped_dir8928_12768}, takesHeapSnapshot=true, pageLoadStrategy=normal, databaseEnabled=false, handlesAlerts=true, hasTouchScreen=false, version=61.0.3163.100, platform=XP, browserConnectionEnabled=false, nativeEvents=true, acceptSslCerts=true, locationContextEnabled=true, webStorageEnabled=true, browserName=chrome, takesScreenshot=true, javascriptEnabled=true, cssSelectorsEnabled=true, setWindowRect=true, unexpectedAlertBehaviour=}]
Session ID: 0a0f259fd73cb0fb00648d3d226f7ad5
*** Element info: {Using=tag name, value=body})]]></system-err>
   </testsuite>
</testsuites>
