<?xml version="1.0" encoding="UTF-8"?>
<testsuites name="TestSuiteAddtoBasket" time="62" tests="3" failures="3" errors="0">
   <testsuite name="TestSuiteAddtoBasket" tests="3" failures="3" errors="0" time="62" timestamp="2017-11-16 12:59:45" hostname="QH_05 - 192.168.18.128" id="Test Suites/TestSuiteAddtoBasket">
      <properties>
         <property name="deviceName" value=""/>
         <property name="devicePlatform" value=""/>
         <property name="logFolder" value="C:\\Users\\QH_05\\Katalon Studio\\Acme\\Reports\\TestSuiteAddtoBasket\\20171116_125944"/>
         <property name="logFiles" value="C:\\Users\\QH_05\\Katalon Studio\\Acme\\Reports\\TestSuiteAddtoBasket\\20171116_125944\\execution0.log"/>
         <property name="attachments" value="C:\\Users\\QH_05\\Katalon Studio\\Acme\\Reports\\TestSuiteAddtoBasket\\20171116_125944\\1510833593217.png, C:\\Users\\QH_05\\Katalon Studio\\Acme\\Reports\\TestSuiteAddtoBasket\\20171116_125944\\1510833593838.png, C:\\Users\\QH_05\\Katalon Studio\\Acme\\Reports\\TestSuiteAddtoBasket\\20171116_125944\\1510833624881.png, C:\\Users\\QH_05\\Katalon Studio\\Acme\\Reports\\TestSuiteAddtoBasket\\20171116_125944\\1510833647838.png"/>
         <property name="hostName" value="QH_05 - 192.168.18.128"/>
         <property name="os" value="Windows 10 64bit"/>
         <property name="katalonVersion" value="5.0.1.1"/>
         <property name="browser" value="Chrome 61.0.3163.100"/>
         <property name="hostAddress" value="192.168.18.128"/>
         <property name="sessionId" value="4d3a2c84a5d89fb561bb19902af50be4"/>
         <property name="seleniumVersion" value="2.53.0"/>
         <property name="proxyInformation" value="ProxyInformation{proxyOption=NO_PROXY, proxyServerType=HTTP, password=, proxyServerAddress=, proxyServerPort=0}"/>
         <property name="platform" value="Windows 10"/>
      </properties>
      <testcase name="Test Cases/PurchaseCancel,removeBook/CancelPurchase" classname="Test Cases/PurchaseCancel,removeBook/CancelPurchase" status="FAILED">
         <failure type="FAILED" message="Unable to verify text 'Basket' is present  using regular expression (Root cause: Text 'Basket' is not present on page  using regular expression)"/>
         <system-out><![CDATA[2017-11-16 12:59:46 - [TEST_CASE][FAILED] - Test Cases/PurchaseCancel,removeBook/CancelPurchase: Test Cases/PurchaseCancel,removeBook/CancelPurchase FAILED because (of) Unable to verify text 'Basket' is present  using regular expression (Root cause: Text 'Basket' is not present on page  using regular expression)

2017-11-16 12:59:46 - [TEST_STEP][PASSED] - openBrowser: Browser is opened with url: ''

2017-11-16 12:59:49 - [MESSAGE][PASSED] - Browser is opened with url: ''

2017-11-16 12:59:49 - [TEST_STEP][PASSED] - maximizeWindow: Current window maximized

2017-11-16 12:59:50 - [MESSAGE][PASSED] - Current window maximized

2017-11-16 12:59:50 - [TEST_STEP][PASSED] - navigateToUrl: Navigate to 'http://www.acme.qualityhouse.bg/build3/index.php' successfully

2017-11-16 12:59:51 - [MESSAGE][PASSED] - Navigate to 'http://www.acme.qualityhouse.bg/build3/index.php' successfully

2017-11-16 12:59:51 - [TEST_STEP][PASSED] - click: Object: 'Object Repository/cancel purchase/Page_ACME ECOMM  Home/a_Books' is clicked on

2017-11-16 12:59:51 - [MESSAGE][PASSED] - Object: 'Object Repository/cancel purchase/Page_ACME ECOMM  Home/a_Books' is clicked on

2017-11-16 12:59:51 - [TEST_STEP][PASSED] - click: Object: 'Object Repository/cancel purchase/Page_ACME ECOMM  Books/a_Biographies' is clicked on

2017-11-16 12:59:51 - [MESSAGE][PASSED] - Object: 'Object Repository/cancel purchase/Page_ACME ECOMM  Books/a_Biographies' is clicked on

2017-11-16 12:59:51 - [TEST_STEP][PASSED] - click: Object: 'Object Repository/cancel purchase/Page_ACME ECOMM  BooksBiographies/a_add to basket' is clicked on

2017-11-16 12:59:52 - [MESSAGE][PASSED] - Object: 'Object Repository/cancel purchase/Page_ACME ECOMM  BooksBiographies/a_add to basket' is clicked on

2017-11-16 12:59:52 - [TEST_STEP][PASSED] - click: Object: 'Object Repository/cancel purchase/Page_ACME ECOMM  BooksBiographies/a_Basket' is clicked on

2017-11-16 12:59:52 - [MESSAGE][PASSED] - Object: 'Object Repository/cancel purchase/Page_ACME ECOMM  BooksBiographies/a_Basket' is clicked on

2017-11-16 12:59:52 - [TEST_STEP][PASSED] - click: Object: 'Object Repository/cancel purchase/Page_ACME ECOMM  Shopping Basket/a_Checkout' is clicked on

2017-11-16 12:59:52 - [MESSAGE][PASSED] - Object: 'Object Repository/cancel purchase/Page_ACME ECOMM  Shopping Basket/a_Checkout' is clicked on

2017-11-16 12:59:52 - [TEST_STEP][PASSED] - acceptAlert: Alert accepted

2017-11-16 12:59:52 - [MESSAGE][PASSED] - Alert accepted

2017-11-16 12:59:52 - [TEST_STEP][PASSED] - setText: Text 'student1' is set on object 'Object Repository/cancel purchase/Page_ACME ECOMM  Checkout/input_username'

2017-11-16 12:59:52 - [MESSAGE][PASSED] - Text 'student1' is set on object 'Object Repository/cancel purchase/Page_ACME ECOMM  Checkout/input_username'

2017-11-16 12:59:52 - [TEST_STEP][PASSED] - setText: Text 'stpass1' is set on object 'Object Repository/cancel purchase/Page_ACME ECOMM  Checkout/input_userpass'

2017-11-16 12:59:52 - [MESSAGE][PASSED] - Text 'stpass1' is set on object 'Object Repository/cancel purchase/Page_ACME ECOMM  Checkout/input_userpass'

2017-11-16 12:59:52 - [TEST_STEP][PASSED] - click: Object: 'Object Repository/cancel purchase/Page_ACME ECOMM  Checkout/input_ses_login' is clicked on

2017-11-16 12:59:53 - [MESSAGE][PASSED] - Object: 'Object Repository/cancel purchase/Page_ACME ECOMM  Checkout/input_ses_login' is clicked on

2017-11-16 12:59:53 - [TEST_STEP][PASSED] - click: Object: 'Object Repository/cancel purchase/Page_ACME ECOMM  Checkout/a_Cancel Purchase' is clicked on

2017-11-16 12:59:53 - [MESSAGE][PASSED] - Object: 'Object Repository/cancel purchase/Page_ACME ECOMM  Checkout/a_Cancel Purchase' is clicked on

2017-11-16 12:59:53 - [TEST_STEP][PASSED] - acceptAlert: Alert accepted

2017-11-16 12:59:53 - [MESSAGE][PASSED] - Alert accepted

2017-11-16 12:59:53 - [TEST_STEP][PASSED] - takeScreenshot: Taking screenshot successfully

2017-11-16 12:59:53 - [MESSAGE][PASSED] - Taking screenshot successfully
[[ATTACHMENT|C:\\Users\\QH_05\\Katalon Studio\\Acme\\Reports\\TestSuiteAddtoBasket\\20171116_125944\\1510833593217.png]]

2017-11-16 12:59:53 - [TEST_STEP][FAILED] - verifyTextPresent: Unable to verify text 'Basket' is present  using regular expression (Root cause: Text 'Basket' is not present on page  using regular expression)

2017-11-16 12:59:53 - [MESSAGE][FAILED] - Text 'Basket' is not present on page  using regular expression

2017-11-16 12:59:54 - [MESSAGE][FAILED] - Unable to verify text 'Basket' is present  using regular expression (Root cause: Text 'Basket' is not present on page  using regular expression)
[[ATTACHMENT|C:\\Users\\QH_05\\Katalon Studio\\Acme\\Reports\\TestSuiteAddtoBasket\\20171116_125944\\1510833593838.png]]]]></system-out>
         <system-err><![CDATA[2017-11-16 12:59:46 - [TEST_CASE][FAILED] - Test Cases/PurchaseCancel,removeBook/CancelPurchase: Test Cases/PurchaseCancel,removeBook/CancelPurchase FAILED because (of) Unable to verify text 'Basket' is present  using regular expression (Root cause: Text 'Basket' is not present on page  using regular expression)]]></system-err>
      </testcase>
      <testcase name="Test Cases/PurchaseCancel,removeBook/CancelPurchaseforTestSuite" classname="Test Cases/PurchaseCancel,removeBook/CancelPurchaseforTestSuite" status="FAILED">
         <failure type="FAILED" message="Unable to click on object 'Object Repository/cancel purchase/Page_ACME ECOMM  Home/a_Books' (Root cause: com.kms.katalon.core.webui.exception.WebElementNotFoundException: Web element with id: 'Object Repository/cancel purchase/Page_ACME ECOMM  Home/a_Books' located by 'By.xpath: //a[count(. | //*[@href = 'index.php?page=books']) = count(//*[@href = 'index.php?page=books'])][count(. | //*[text() = 'Books']) = count(//*[text() = 'Books'])][count(. | id(&quot;main-big-col&quot;)/div[@id=&quot;product-list&quot;]/div[@class=&quot;item&quot;]/b[1]/a[1]) = count(id(&quot;main-big-col&quot;)/div[@id=&quot;product-list&quot;]/div[@class=&quot;item&quot;]/b[1]/a[1])]' not found)"/>
         <system-out><![CDATA[2017-11-16 12:59:54 - [TEST_CASE][FAILED] - Test Cases/PurchaseCancel,removeBook/CancelPurchaseforTestSuite: Test Cases/PurchaseCancel,removeBook/CancelPurchaseforTestSuite FAILED because (of) Unable to click on object 'Object Repository/cancel purchase/Page_ACME ECOMM  Home/a_Books' (Root cause: com.kms.katalon.core.webui.exception.WebElementNotFoundException: Web element with id: 'Object Repository/cancel purchase/Page_ACME ECOMM  Home/a_Books' located by 'By.xpath: //a[count(. | //*[@href = 'index.php?page=books']) = count(//*[@href = 'index.php?page=books'])][count(. | //*[text() = 'Books']) = count(//*[text() = 'Books'])][count(. | id("main-big-col")/div[@id="product-list"]/div[@class="item"]/b[1]/a[1]) = count(id("main-big-col")/div[@id="product-list"]/div[@class="item"]/b[1]/a[1])]' not found)

2017-11-16 12:59:54 - [TEST_STEP][FAILED] - click: Unable to click on object 'Object Repository/cancel purchase/Page_ACME ECOMM  Home/a_Books' (Root cause: com.kms.katalon.core.webui.exception.WebElementNotFoundException: Web element with id: 'Object Repository/cancel purchase/Page_ACME ECOMM  Home/a_Books' located by 'By.xpath: //a[count(. | //*[@href = 'index.php?page=books']) = count(//*[@href = 'index.php?page=books'])][count(. | //*[text() = 'Books']) = count(//*[text() = 'Books'])][count(. | id("main-big-col")/div[@id="product-list"]/div[@class="item"]/b[1]/a[1]) = count(id("main-big-col")/div[@id="product-list"]/div[@class="item"]/b[1]/a[1])]' not found)

2017-11-16 13:00:25 - [MESSAGE][FAILED] - Unable to click on object 'Object Repository/cancel purchase/Page_ACME ECOMM  Home/a_Books' (Root cause: com.kms.katalon.core.webui.exception.WebElementNotFoundException: Web element with id: 'Object Repository/cancel purchase/Page_ACME ECOMM  Home/a_Books' located by 'By.xpath: //a[count(. | //*[@href = 'index.php?page=books']) = count(//*[@href = 'index.php?page=books'])][count(. | //*[text() = 'Books']) = count(//*[text() = 'Books'])][count(. | id("main-big-col")/div[@id="product-list"]/div[@class="item"]/b[1]/a[1]) = count(id("main-big-col")/div[@id="product-list"]/div[@class="item"]/b[1]/a[1])]' not found)
[[ATTACHMENT|C:\\Users\\QH_05\\Katalon Studio\\Acme\\Reports\\TestSuiteAddtoBasket\\20171116_125944\\1510833624881.png]]]]></system-out>
         <system-err><![CDATA[2017-11-16 12:59:54 - [TEST_CASE][FAILED] - Test Cases/PurchaseCancel,removeBook/CancelPurchaseforTestSuite: Test Cases/PurchaseCancel,removeBook/CancelPurchaseforTestSuite FAILED because (of) Unable to click on object 'Object Repository/cancel purchase/Page_ACME ECOMM  Home/a_Books' (Root cause: com.kms.katalon.core.webui.exception.WebElementNotFoundException: Web element with id: 'Object Repository/cancel purchase/Page_ACME ECOMM  Home/a_Books' located by 'By.xpath: //a[count(. | //*[@href = 'index.php?page=books']) = count(//*[@href = 'index.php?page=books'])][count(. | //*[text() = 'Books']) = count(//*[text() = 'Books'])][count(. | id("main-big-col")/div[@id="product-list"]/div[@class="item"]/b[1]/a[1]) = count(id("main-big-col")/div[@id="product-list"]/div[@class="item"]/b[1]/a[1])]' not found)]]></system-err>
      </testcase>
      <testcase name="Test Cases/PurchaseCancel,removeBook/NumberOfOneItemAddedtoTheBasket" classname="Test Cases/PurchaseCancel,removeBook/NumberOfOneItemAddedtoTheBasket" status="PASSED">
         <system-out><![CDATA[2017-11-16 13:00:25 - [TEST_CASE][PASSED] - Test Cases/PurchaseCancel,removeBook/NumberOfOneItemAddedtoTheBasket: Test Cases/PurchaseCancel,removeBook/NumberOfOneItemAddedtoTheBasket

2017-11-16 13:00:25 - [TEST_STEP][PASSED] - openBrowser: Browser is opened with url: ''

2017-11-16 13:00:25 - [MESSAGE][WARNING] - A browser is already opened. Closing browser and opening a new one

2017-11-16 13:00:28 - [MESSAGE][PASSED] - Browser is opened with url: ''

2017-11-16 13:00:28 - [TEST_STEP][PASSED] - maximizeWindow: Current window maximized

2017-11-16 13:00:29 - [MESSAGE][PASSED] - Current window maximized

2017-11-16 13:00:29 - [TEST_STEP][PASSED] - navigateToUrl: Navigate to 'http://www.acme.qualityhouse.bg/build3/index.php' successfully

2017-11-16 13:00:30 - [MESSAGE][PASSED] - Navigate to 'http://www.acme.qualityhouse.bg/build3/index.php' successfully

2017-11-16 13:00:30 - [TEST_STEP][PASSED] - click: Object: 'Object Repository/NumberOfItems/Page_ACME ECOMM  Home/a_Books' is clicked on

2017-11-16 13:00:30 - [MESSAGE][PASSED] - Object: 'Object Repository/NumberOfItems/Page_ACME ECOMM  Home/a_Books' is clicked on

2017-11-16 13:00:30 - [TEST_STEP][PASSED] - click: Object: 'Object Repository/NumberOfItems/Page_ACME ECOMM  Books/a_Art' is clicked on

2017-11-16 13:00:30 - [MESSAGE][PASSED] - Object: 'Object Repository/NumberOfItems/Page_ACME ECOMM  Books/a_Art' is clicked on

2017-11-16 13:00:30 - [TEST_STEP][PASSED] - click: Object: 'Object Repository/NumberOfItems/Page_ACME ECOMM  BooksArt/a_add to basket' is clicked on

2017-11-16 13:00:30 - [MESSAGE][PASSED] - Object: 'Object Repository/NumberOfItems/Page_ACME ECOMM  BooksArt/a_add to basket' is clicked on

2017-11-16 13:00:30 - [TEST_STEP][PASSED] - click: Object: 'Object Repository/NumberOfItems/Page_ACME ECOMM  BooksArt/a_add to basket' is clicked on

2017-11-16 13:00:30 - [MESSAGE][PASSED] - Object: 'Object Repository/NumberOfItems/Page_ACME ECOMM  BooksArt/a_add to basket' is clicked on

2017-11-16 13:00:30 - [TEST_STEP][PASSED] - click: Object: 'Object Repository/NumberOfItems/Page_ACME ECOMM  BooksArt/a_add to basket' is clicked on

2017-11-16 13:00:31 - [MESSAGE][PASSED] - Object: 'Object Repository/NumberOfItems/Page_ACME ECOMM  BooksArt/a_add to basket' is clicked on

2017-11-16 13:00:31 - [TEST_STEP][PASSED] - click: Object: 'Object Repository/NumberOfItems/Page_ACME ECOMM  BooksArt/a_add to basket' is clicked on

2017-11-16 13:00:31 - [MESSAGE][PASSED] - Object: 'Object Repository/NumberOfItems/Page_ACME ECOMM  BooksArt/a_add to basket' is clicked on

2017-11-16 13:00:31 - [TEST_STEP][PASSED] - click: Object: 'Object Repository/NumberOfItems/Page_ACME ECOMM  BooksArt/a_Basket' is clicked on

2017-11-16 13:00:31 - [MESSAGE][PASSED] - Object: 'Object Repository/NumberOfItems/Page_ACME ECOMM  BooksArt/a_Basket' is clicked on

2017-11-16 13:00:31 - [TEST_STEP][PASSED] - verifyTextPresent: Text '4' is present on page  using regular expression

2017-11-16 13:00:31 - [MESSAGE][PASSED] - Text '4' is present on page  using regular expression

2017-11-16 13:00:31 - [TEST_STEP][PASSED] - closeBrowser: Browser is closed

2017-11-16 13:00:32 - [MESSAGE][PASSED] - Browser is closed]]></system-out>
         <system-err><![CDATA[]]></system-err>
      </testcase>
      <testcase name="Test Cases/PurchaseCancel,removeBook/PurchaseBook" classname="Test Cases/PurchaseCancel,removeBook/PurchaseBook" status="PASSED">
         <system-out><![CDATA[2017-11-16 13:00:32 - [TEST_CASE][PASSED] - Test Cases/PurchaseCancel,removeBook/PurchaseBook: Test Cases/PurchaseCancel,removeBook/PurchaseBook

2017-11-16 13:00:32 - [TEST_STEP][PASSED] - openBrowser: Browser is opened with url: ''

2017-11-16 13:00:34 - [MESSAGE][PASSED] - Browser is opened with url: ''

2017-11-16 13:00:34 - [TEST_STEP][PASSED] - navigateToUrl: Navigate to 'http://www.acme.qualityhouse.bg/build3/index.php' successfully

2017-11-16 13:00:35 - [MESSAGE][PASSED] - Navigate to 'http://www.acme.qualityhouse.bg/build3/index.php' successfully

2017-11-16 13:00:35 - [TEST_STEP][PASSED] - click: Object: 'Object Repository/PurchaseBook/a_Books' is clicked on

2017-11-16 13:00:35 - [MESSAGE][PASSED] - Object: 'Object Repository/PurchaseBook/a_Books' is clicked on

2017-11-16 13:00:35 - [TEST_STEP][PASSED] - click: Object: 'Object Repository/PurchaseBook/a_Art' is clicked on

2017-11-16 13:00:35 - [MESSAGE][PASSED] - Object: 'Object Repository/PurchaseBook/a_Art' is clicked on

2017-11-16 13:00:35 - [TEST_STEP][PASSED] - click: Object: 'Object Repository/PurchaseBook/a_add to basket' is clicked on

2017-11-16 13:00:35 - [MESSAGE][PASSED] - Object: 'Object Repository/PurchaseBook/a_add to basket' is clicked on

2017-11-16 13:00:35 - [TEST_STEP][PASSED] - click: Object: 'Object Repository/PurchaseBook/a_Basket (1)' is clicked on

2017-11-16 13:00:36 - [MESSAGE][PASSED] - Object: 'Object Repository/PurchaseBook/a_Basket (1)' is clicked on

2017-11-16 13:00:36 - [TEST_STEP][PASSED] - click: Object: 'Object Repository/PurchaseBook/a_Checkout' is clicked on

2017-11-16 13:00:36 - [MESSAGE][PASSED] - Object: 'Object Repository/PurchaseBook/a_Checkout' is clicked on

2017-11-16 13:00:36 - [TEST_STEP][PASSED] - acceptAlert: Alert accepted

2017-11-16 13:00:36 - [MESSAGE][PASSED] - Alert accepted

2017-11-16 13:00:36 - [TEST_STEP][PASSED] - setText: Text 'student1' is set on object 'Object Repository/PurchaseBook/input_username'

2017-11-16 13:00:36 - [MESSAGE][PASSED] - Text 'student1' is set on object 'Object Repository/PurchaseBook/input_username'

2017-11-16 13:00:36 - [TEST_STEP][PASSED] - setText: Text 'stpass1' is set on object 'Object Repository/PurchaseBook/input_userpass'

2017-11-16 13:00:36 - [MESSAGE][PASSED] - Text 'stpass1' is set on object 'Object Repository/PurchaseBook/input_userpass'

2017-11-16 13:00:36 - [TEST_STEP][PASSED] - click: Object: 'Object Repository/PurchaseBook/input_ses_login' is clicked on

2017-11-16 13:00:36 - [MESSAGE][PASSED] - Object: 'Object Repository/PurchaseBook/input_ses_login' is clicked on

2017-11-16 13:00:36 - [TEST_STEP][PASSED] - click: Object: 'Object Repository/PurchaseBook/a_Confirm Purchase' is clicked on

2017-11-16 13:00:36 - [MESSAGE][PASSED] - Object: 'Object Repository/PurchaseBook/a_Confirm Purchase' is clicked on

2017-11-16 13:00:36 - [TEST_STEP][PASSED] - acceptAlert: Alert accepted

2017-11-16 13:00:36 - [MESSAGE][PASSED] - Alert accepted

2017-11-16 13:00:36 - [TEST_STEP][PASSED] - verifyTextPresent: Text 'Thank you for your purchase!' is present on page 

2017-11-16 13:00:37 - [MESSAGE][PASSED] - Text 'Thank you for your purchase!' is present on page 

2017-11-16 13:00:37 - [TEST_STEP][PASSED] - click: Object: 'Object Repository/PurchaseBook/a_Go to Home page' is clicked on

2017-11-16 13:00:37 - [MESSAGE][PASSED] - Object: 'Object Repository/PurchaseBook/a_Go to Home page' is clicked on]]></system-out>
         <system-err><![CDATA[]]></system-err>
      </testcase>
      <testcase name="Test Cases/PurchaseCancel,removeBook/RemoveItemFromBasket" classname="Test Cases/PurchaseCancel,removeBook/RemoveItemFromBasket" status="PASSED">
         <system-out><![CDATA[2017-11-16 13:00:37 - [TEST_CASE][PASSED] - Test Cases/PurchaseCancel,removeBook/RemoveItemFromBasket: Test Cases/PurchaseCancel,removeBook/RemoveItemFromBasket

2017-11-16 13:00:37 - [TEST_STEP][PASSED] - openBrowser: Browser is opened with url: ''

2017-11-16 13:00:37 - [MESSAGE][WARNING] - A browser is already opened. Closing browser and opening a new one

2017-11-16 13:00:40 - [MESSAGE][PASSED] - Browser is opened with url: ''

2017-11-16 13:00:40 - [TEST_STEP][PASSED] - navigateToUrl: Navigate to 'http://www.acme.qualityhouse.bg/build3/index.php' successfully

2017-11-16 13:00:41 - [MESSAGE][PASSED] - Navigate to 'http://www.acme.qualityhouse.bg/build3/index.php' successfully

2017-11-16 13:00:41 - [TEST_STEP][PASSED] - click: Object: 'Object Repository/RemoveItemFromBasket/Page_ACME ECOMM  Home/a_CDs' is clicked on

2017-11-16 13:00:41 - [MESSAGE][PASSED] - Object: 'Object Repository/RemoveItemFromBasket/Page_ACME ECOMM  Home/a_CDs' is clicked on

2017-11-16 13:00:41 - [TEST_STEP][PASSED] - click: Object: 'Object Repository/RemoveItemFromBasket/Page_ACME ECOMM  CDs/a_Blues' is clicked on

2017-11-16 13:00:41 - [MESSAGE][PASSED] - Object: 'Object Repository/RemoveItemFromBasket/Page_ACME ECOMM  CDs/a_Blues' is clicked on

2017-11-16 13:00:41 - [TEST_STEP][PASSED] - click: Object: 'Object Repository/RemoveItemFromBasket/Page_ACME ECOMM  CDsBlues/a_add to basket' is clicked on

2017-11-16 13:00:41 - [MESSAGE][PASSED] - Object: 'Object Repository/RemoveItemFromBasket/Page_ACME ECOMM  CDsBlues/a_add to basket' is clicked on

2017-11-16 13:00:41 - [TEST_STEP][PASSED] - click: Object: 'Object Repository/RemoveItemFromBasket/Page_ACME ECOMM  CDsBlues/a_Basket' is clicked on

2017-11-16 13:00:41 - [MESSAGE][PASSED] - Object: 'Object Repository/RemoveItemFromBasket/Page_ACME ECOMM  CDsBlues/a_Basket' is clicked on

2017-11-16 13:00:41 - [TEST_STEP][PASSED] - click: Object: 'Object Repository/RemoveItemFromBasket/Page_ACME ECOMM  Shopping Basket/a_X' is clicked on

2017-11-16 13:00:42 - [MESSAGE][PASSED] - Object: 'Object Repository/RemoveItemFromBasket/Page_ACME ECOMM  Shopping Basket/a_X' is clicked on

2017-11-16 13:00:42 - [TEST_STEP][PASSED] - acceptAlert: Alert accepted

2017-11-16 13:00:42 - [MESSAGE][PASSED] - Alert accepted

2017-11-16 13:00:42 - [TEST_STEP][PASSED] - click: Object: 'Object Repository/RemoveItemFromBasket/Page_ACME ECOMM  Shopping Basket/b_The Shopping Basket is empty' is clicked on

2017-11-16 13:00:42 - [MESSAGE][PASSED] - Object: 'Object Repository/RemoveItemFromBasket/Page_ACME ECOMM  Shopping Basket/b_The Shopping Basket is empty' is clicked on

2017-11-16 13:00:42 - [TEST_STEP][PASSED] - verifyTextPresent: Text 'The Shopping Basket is empty' is present on page  using regular expression

2017-11-16 13:00:42 - [MESSAGE][PASSED] - Text 'The Shopping Basket is empty' is present on page  using regular expression

2017-11-16 13:00:42 - [TEST_STEP][PASSED] - closeBrowser: Browser is closed

2017-11-16 13:00:43 - [MESSAGE][PASSED] - Browser is closed]]></system-out>
         <system-err><![CDATA[]]></system-err>
      </testcase>
      <testcase name="Test Cases/PurchaseCancel,removeBook/VerifyNumberOfDifferentItemsAddedToTheBasket" classname="Test Cases/PurchaseCancel,removeBook/VerifyNumberOfDifferentItemsAddedToTheBasket" status="FAILED">
         <failure type="FAILED" message="Unable to verify text '2' is present  using regular expression (Root cause: Text '2' is not present on page  using regular expression)"/>
         <system-out><![CDATA[2017-11-16 13:00:43 - [TEST_CASE][FAILED] - Test Cases/PurchaseCancel,removeBook/VerifyNumberOfDifferentItemsAddedToTheBasket: Test Cases/PurchaseCancel,removeBook/VerifyNumberOfDifferentItemsAddedToTheBasket FAILED because (of) Unable to verify text '2' is present  using regular expression (Root cause: Text '2' is not present on page  using regular expression)

2017-11-16 13:00:43 - [TEST_STEP][PASSED] - openBrowser: Browser is opened with url: ''

2017-11-16 13:00:45 - [MESSAGE][PASSED] - Browser is opened with url: ''

2017-11-16 13:00:45 - [TEST_STEP][PASSED] - navigateToUrl: Navigate to 'http://www.acme.qualityhouse.bg/build3/index.php' successfully

2017-11-16 13:00:45 - [MESSAGE][PASSED] - Navigate to 'http://www.acme.qualityhouse.bg/build3/index.php' successfully

2017-11-16 13:00:45 - [TEST_STEP][PASSED] - click: Object: 'Object Repository/differentItemsAddedToTheBasket/Page_ACME ECOMM  Home/a_Login' is clicked on

2017-11-16 13:00:46 - [MESSAGE][PASSED] - Object: 'Object Repository/differentItemsAddedToTheBasket/Page_ACME ECOMM  Home/a_Login' is clicked on

2017-11-16 13:00:46 - [TEST_STEP][PASSED] - com.acme.login.loginForm.Login: com.acme.login.loginForm.Login is PASSED

2017-11-16 13:00:46 - [MESSAGE][PASSED] - Text 'student1' is set on object 'Object Repository/manual/input_username'

2017-11-16 13:00:46 - [MESSAGE][PASSED] - Text 'stpass1' is set on object 'Object Repository/manual/input_userpass'

2017-11-16 13:00:46 - [MESSAGE][PASSED] - com.acme.login.loginForm.Login is PASSED

2017-11-16 13:00:46 - [TEST_STEP][PASSED] - click: Object: 'Object Repository/differentItemsAddedToTheBasket/Page_ACME ECOMM  Login/a_CDs' is clicked on

2017-11-16 13:00:46 - [MESSAGE][PASSED] - Object: 'Object Repository/differentItemsAddedToTheBasket/Page_ACME ECOMM  Login/a_CDs' is clicked on

2017-11-16 13:00:46 - [TEST_STEP][PASSED] - click: Object: 'Object Repository/differentItemsAddedToTheBasket/Page_ACME ECOMM  CDs/a_Blues' is clicked on

2017-11-16 13:00:46 - [MESSAGE][PASSED] - Object: 'Object Repository/differentItemsAddedToTheBasket/Page_ACME ECOMM  CDs/a_Blues' is clicked on

2017-11-16 13:00:46 - [TEST_STEP][PASSED] - click: Object: 'Object Repository/differentItemsAddedToTheBasket/Page_ACME ECOMM  CDsBlues/b_Blue Nights' is clicked on

2017-11-16 13:00:47 - [MESSAGE][PASSED] - Object: 'Object Repository/differentItemsAddedToTheBasket/Page_ACME ECOMM  CDsBlues/b_Blue Nights' is clicked on

2017-11-16 13:00:47 - [TEST_STEP][PASSED] - click: Object: 'Object Repository/differentItemsAddedToTheBasket/Page_ACME ECOMM  CDs/a_add to basket' is clicked on

2017-11-16 13:00:47 - [MESSAGE][PASSED] - Object: 'Object Repository/differentItemsAddedToTheBasket/Page_ACME ECOMM  CDs/a_add to basket' is clicked on

2017-11-16 13:00:47 - [TEST_STEP][PASSED] - click: Object: 'Object Repository/differentItemsAddedToTheBasket/Page_ACME ECOMM  CDsBlues/a_add to basket' is clicked on

2017-11-16 13:00:47 - [MESSAGE][PASSED] - Object: 'Object Repository/differentItemsAddedToTheBasket/Page_ACME ECOMM  CDsBlues/a_add to basket' is clicked on

2017-11-16 13:00:47 - [TEST_STEP][PASSED] - click: Object: 'Object Repository/differentItemsAddedToTheBasket/Page_ACME ECOMM  CDsBlues/a_Basket' is clicked on

2017-11-16 13:00:47 - [MESSAGE][PASSED] - Object: 'Object Repository/differentItemsAddedToTheBasket/Page_ACME ECOMM  CDsBlues/a_Basket' is clicked on

2017-11-16 13:00:47 - [TEST_STEP][FAILED] - verifyTextPresent: Unable to verify text '2' is present  using regular expression (Root cause: Text '2' is not present on page  using regular expression)

2017-11-16 13:00:47 - [MESSAGE][FAILED] - Text '2' is not present on page  using regular expression

2017-11-16 13:00:48 - [MESSAGE][FAILED] - Unable to verify text '2' is present  using regular expression (Root cause: Text '2' is not present on page  using regular expression)
[[ATTACHMENT|C:\\Users\\QH_05\\Katalon Studio\\Acme\\Reports\\TestSuiteAddtoBasket\\20171116_125944\\1510833647838.png]]]]></system-out>
         <system-err><![CDATA[2017-11-16 13:00:43 - [TEST_CASE][FAILED] - Test Cases/PurchaseCancel,removeBook/VerifyNumberOfDifferentItemsAddedToTheBasket: Test Cases/PurchaseCancel,removeBook/VerifyNumberOfDifferentItemsAddedToTheBasket FAILED because (of) Unable to verify text '2' is present  using regular expression (Root cause: Text '2' is not present on page  using regular expression)]]></system-err>
      </testcase>
      <system-out><![CDATA[2017-11-16 12:59:45 - [TEST_SUITE][FAILED] - TestSuiteAddtoBasket: Test Cases/PurchaseCancel,removeBook/CancelPurchase FAILED because (of) Unable to verify text 'Basket' is present  using regular expression (Root cause: Text 'Basket' is not present on page  using regular expression)]]></system-out>
      <system-err><![CDATA[2017-11-16 12:59:45 - [TEST_SUITE][FAILED] - TestSuiteAddtoBasket: Test Cases/PurchaseCancel,removeBook/CancelPurchase FAILED because (of) Unable to verify text 'Basket' is present  using regular expression (Root cause: Text 'Basket' is not present on page  using regular expression)]]></system-err>
   </testsuite>
</testsuites>
