<?xml version="1.0" encoding="UTF-8"?>
<testsuites name="ConfirmandCancelpurchase" time="41" tests="1" failures="1" errors="0">
   <testsuite name="ConfirmandCancelpurchase" tests="1" failures="1" errors="0" time="41" timestamp="2017-11-10 12:43:51" hostname="QH_05 - 192.168.18.128" id="Test Suites/ConfirmandCancelpurchase">
      <properties>
         <property name="deviceName" value=""/>
         <property name="devicePlatform" value=""/>
         <property name="logFolder" value="C:\\Users\\QH_05\\Katalon Studio\\Acme\\Reports\\ConfirmandCancelpurchase\\20171110_124350"/>
         <property name="logFiles" value="C:\\Users\\QH_05\\Katalon Studio\\Acme\\Reports\\ConfirmandCancelpurchase\\20171110_124350\\execution0.log"/>
         <property name="attachments" value="C:\\Users\\QH_05\\Katalon Studio\\Acme\\Reports\\ConfirmandCancelpurchase\\20171110_124350\\1510314271914.png"/>
         <property name="hostName" value="QH_05 - 192.168.18.128"/>
         <property name="os" value="Windows 10 64bit"/>
         <property name="katalonVersion" value="5.0.1.1"/>
         <property name="browser" value="Chrome 61.0.3163.100"/>
         <property name="hostAddress" value="192.168.18.128"/>
         <property name="sessionId" value="0320d32ba57db3fc4fa91a6d5664646e"/>
         <property name="seleniumVersion" value="2.53.0"/>
         <property name="proxyInformation" value="ProxyInformation{proxyOption=NO_PROXY, proxyServerType=HTTP, password=, proxyServerAddress=, proxyServerPort=0}"/>
         <property name="platform" value="Windows 10"/>
      </properties>
      <testcase name="Test Cases/PurchaseCancel,removeBook/PurchaseBook" classname="Test Cases/PurchaseCancel,removeBook/PurchaseBook" status="PASSED">
         <system-out><![CDATA[2017-11-10 12:43:51 - [TEST_CASE][PASSED] - Test Cases/PurchaseCancel,removeBook/PurchaseBook: Test Cases/PurchaseCancel,removeBook/PurchaseBook

2017-11-10 12:43:52 - [TEST_STEP][PASSED] - openBrowser: Browser is opened with url: ''

2017-11-10 12:43:56 - [MESSAGE][PASSED] - Browser is opened with url: ''

2017-11-10 12:43:56 - [TEST_STEP][PASSED] - navigateToUrl: Navigate to 'http://www.acme.qualityhouse.bg/build3/index.php' successfully

2017-11-10 12:43:57 - [MESSAGE][PASSED] - Navigate to 'http://www.acme.qualityhouse.bg/build3/index.php' successfully

2017-11-10 12:43:57 - [TEST_STEP][PASSED] - click: Object: 'Object Repository/PurchaseBook/a_Books' is clicked on

2017-11-10 12:43:57 - [MESSAGE][PASSED] - Object: 'Object Repository/PurchaseBook/a_Books' is clicked on

2017-11-10 12:43:57 - [TEST_STEP][PASSED] - click: Object: 'Object Repository/PurchaseBook/a_Art' is clicked on

2017-11-10 12:43:58 - [MESSAGE][PASSED] - Object: 'Object Repository/PurchaseBook/a_Art' is clicked on

2017-11-10 12:43:58 - [TEST_STEP][PASSED] - click: Object: 'Object Repository/PurchaseBook/a_add to basket' is clicked on

2017-11-10 12:43:58 - [MESSAGE][PASSED] - Object: 'Object Repository/PurchaseBook/a_add to basket' is clicked on

2017-11-10 12:43:58 - [TEST_STEP][PASSED] - click: Object: 'Object Repository/PurchaseBook/a_Basket (1)' is clicked on

2017-11-10 12:43:58 - [MESSAGE][PASSED] - Object: 'Object Repository/PurchaseBook/a_Basket (1)' is clicked on

2017-11-10 12:43:58 - [TEST_STEP][PASSED] - click: Object: 'Object Repository/PurchaseBook/a_Checkout' is clicked on

2017-11-10 12:43:58 - [MESSAGE][PASSED] - Object: 'Object Repository/PurchaseBook/a_Checkout' is clicked on

2017-11-10 12:43:58 - [TEST_STEP][PASSED] - acceptAlert: Alert accepted

2017-11-10 12:43:58 - [MESSAGE][PASSED] - Alert accepted

2017-11-10 12:43:58 - [TEST_STEP][PASSED] - setText: Text 'student1' is set on object 'Object Repository/PurchaseBook/input_username'

2017-11-10 12:43:59 - [MESSAGE][PASSED] - Text 'student1' is set on object 'Object Repository/PurchaseBook/input_username'

2017-11-10 12:43:59 - [TEST_STEP][PASSED] - setText: Text 'stpass1' is set on object 'Object Repository/PurchaseBook/input_userpass'

2017-11-10 12:43:59 - [MESSAGE][PASSED] - Text 'stpass1' is set on object 'Object Repository/PurchaseBook/input_userpass'

2017-11-10 12:43:59 - [TEST_STEP][PASSED] - click: Object: 'Object Repository/PurchaseBook/input_ses_login' is clicked on

2017-11-10 12:43:59 - [MESSAGE][PASSED] - Object: 'Object Repository/PurchaseBook/input_ses_login' is clicked on

2017-11-10 12:43:59 - [TEST_STEP][PASSED] - click: Object: 'Object Repository/PurchaseBook/a_Confirm Purchase' is clicked on

2017-11-10 12:43:59 - [MESSAGE][PASSED] - Object: 'Object Repository/PurchaseBook/a_Confirm Purchase' is clicked on

2017-11-10 12:43:59 - [TEST_STEP][PASSED] - acceptAlert: Alert accepted

2017-11-10 12:43:59 - [MESSAGE][PASSED] - Alert accepted

2017-11-10 12:43:59 - [TEST_STEP][PASSED] - verifyTextPresent: Text 'Thank you for your purchase!' is present on page 

2017-11-10 12:43:59 - [MESSAGE][PASSED] - Text 'Thank you for your purchase!' is present on page 

2017-11-10 12:43:59 - [TEST_STEP][PASSED] - click: Object: 'Object Repository/PurchaseBook/a_Go to Home page' is clicked on

2017-11-10 12:43:59 - [MESSAGE][PASSED] - Object: 'Object Repository/PurchaseBook/a_Go to Home page' is clicked on]]></system-out>
         <system-err><![CDATA[]]></system-err>
      </testcase>
      <testcase name="Test Cases/PurchaseCancel,removeBook/CancelPurchaseforTestSuite" classname="Test Cases/PurchaseCancel,removeBook/CancelPurchaseforTestSuite" status="FAILED">
         <failure type="FAILED" message="Unable to click on object 'Object Repository/cancel purchase/Page_ACME ECOMM  BooksBiographies/a_add to basket' (Root cause: com.kms.katalon.core.webui.exception.WebElementNotFoundException: Web element with id: 'Object Repository/cancel purchase/Page_ACME ECOMM  BooksBiographies/a_add to basket' located by 'By.xpath: //a[count(. | //*[@href = 'index.php?page=basket&amp;ref=books&amp;category=books-biographies&amp;add=3']) = count(//*[@href = 'index.php?page=basket&amp;ref=books&amp;category=books-biographies&amp;add=3'])][count(. | //*[@class = 'buy-btn']) = count(//*[@class = 'buy-btn'])][count(. | //*[text() = 'add to basket']) = count(//*[text() = 'add to basket'])][count(. | id(&quot;product-list&quot;)/div[@class=&quot;item&quot;]/div[@class=&quot;buy-info-b&quot;]/a[@class=&quot;buy-btn&quot;]) = count(id(&quot;product-list&quot;)/div[@class=&quot;item&quot;]/div[@class=&quot;buy-info-b&quot;]/a[@class=&quot;buy-btn&quot;])]' not found)"/>
         <system-out><![CDATA[2017-11-10 12:43:59 - [TEST_CASE][FAILED] - Test Cases/PurchaseCancel,removeBook/CancelPurchaseforTestSuite: Test Cases/PurchaseCancel,removeBook/CancelPurchaseforTestSuite FAILED because (of) Unable to click on object 'Object Repository/cancel purchase/Page_ACME ECOMM  BooksBiographies/a_add to basket' (Root cause: com.kms.katalon.core.webui.exception.WebElementNotFoundException: Web element with id: 'Object Repository/cancel purchase/Page_ACME ECOMM  BooksBiographies/a_add to basket' located by 'By.xpath: //a[count(. | //*[@href = 'index.php?page=basket&ref=books&category=books-biographies&add=3']) = count(//*[@href = 'index.php?page=basket&ref=books&category=books-biographies&add=3'])][count(. | //*[@class = 'buy-btn']) = count(//*[@class = 'buy-btn'])][count(. | //*[text() = 'add to basket']) = count(//*[text() = 'add to basket'])][count(. | id("product-list")/div[@class="item"]/div[@class="buy-info-b"]/a[@class="buy-btn"]) = count(id("product-list")/div[@class="item"]/div[@class="buy-info-b"]/a[@class="buy-btn"])]' not found)

2017-11-10 12:44:00 - [TEST_STEP][PASSED] - click: Object: 'Object Repository/cancel purchase/Page_ACME ECOMM  Home/a_Books' is clicked on

2017-11-10 12:44:00 - [MESSAGE][PASSED] - Object: 'Object Repository/cancel purchase/Page_ACME ECOMM  Home/a_Books' is clicked on

2017-11-10 12:44:00 - [TEST_STEP][PASSED] - click: Object: 'Object Repository/BookArtDetail/a_Art' is clicked on

2017-11-10 12:44:00 - [MESSAGE][PASSED] - Object: 'Object Repository/BookArtDetail/a_Art' is clicked on

2017-11-10 12:44:00 - [TEST_STEP][PASSED] - click: Object: 'Object Repository/BookArtDetail/b_Autumn Colors' is clicked on

2017-11-10 12:44:00 - [MESSAGE][PASSED] - Object: 'Object Repository/BookArtDetail/b_Autumn Colors' is clicked on

2017-11-10 12:44:00 - [TEST_STEP][FAILED] - click: Unable to click on object 'Object Repository/cancel purchase/Page_ACME ECOMM  BooksBiographies/a_add to basket' (Root cause: com.kms.katalon.core.webui.exception.WebElementNotFoundException: Web element with id: 'Object Repository/cancel purchase/Page_ACME ECOMM  BooksBiographies/a_add to basket' located by 'By.xpath: //a[count(. | //*[@href = 'index.php?page=basket&ref=books&category=books-biographies&add=3']) = count(//*[@href = 'index.php?page=basket&ref=books&category=books-biographies&add=3'])][count(. | //*[@class = 'buy-btn']) = count(//*[@class = 'buy-btn'])][count(. | //*[text() = 'add to basket']) = count(//*[text() = 'add to basket'])][count(. | id("product-list")/div[@class="item"]/div[@class="buy-info-b"]/a[@class="buy-btn"]) = count(id("product-list")/div[@class="item"]/div[@class="buy-info-b"]/a[@class="buy-btn"])]' not found)

2017-11-10 12:44:32 - [MESSAGE][FAILED] - Unable to click on object 'Object Repository/cancel purchase/Page_ACME ECOMM  BooksBiographies/a_add to basket' (Root cause: com.kms.katalon.core.webui.exception.WebElementNotFoundException: Web element with id: 'Object Repository/cancel purchase/Page_ACME ECOMM  BooksBiographies/a_add to basket' located by 'By.xpath: //a[count(. | //*[@href = 'index.php?page=basket&ref=books&category=books-biographies&add=3']) = count(//*[@href = 'index.php?page=basket&ref=books&category=books-biographies&add=3'])][count(. | //*[@class = 'buy-btn']) = count(//*[@class = 'buy-btn'])][count(. | //*[text() = 'add to basket']) = count(//*[text() = 'add to basket'])][count(. | id("product-list")/div[@class="item"]/div[@class="buy-info-b"]/a[@class="buy-btn"]) = count(id("product-list")/div[@class="item"]/div[@class="buy-info-b"]/a[@class="buy-btn"])]' not found)
[[ATTACHMENT|C:\\Users\\QH_05\\Katalon Studio\\Acme\\Reports\\ConfirmandCancelpurchase\\20171110_124350\\1510314271914.png]]]]></system-out>
         <system-err><![CDATA[2017-11-10 12:43:59 - [TEST_CASE][FAILED] - Test Cases/PurchaseCancel,removeBook/CancelPurchaseforTestSuite: Test Cases/PurchaseCancel,removeBook/CancelPurchaseforTestSuite FAILED because (of) Unable to click on object 'Object Repository/cancel purchase/Page_ACME ECOMM  BooksBiographies/a_add to basket' (Root cause: com.kms.katalon.core.webui.exception.WebElementNotFoundException: Web element with id: 'Object Repository/cancel purchase/Page_ACME ECOMM  BooksBiographies/a_add to basket' located by 'By.xpath: //a[count(. | //*[@href = 'index.php?page=basket&ref=books&category=books-biographies&add=3']) = count(//*[@href = 'index.php?page=basket&ref=books&category=books-biographies&add=3'])][count(. | //*[@class = 'buy-btn']) = count(//*[@class = 'buy-btn'])][count(. | //*[text() = 'add to basket']) = count(//*[text() = 'add to basket'])][count(. | id("product-list")/div[@class="item"]/div[@class="buy-info-b"]/a[@class="buy-btn"]) = count(id("product-list")/div[@class="item"]/div[@class="buy-info-b"]/a[@class="buy-btn"])]' not found)]]></system-err>
      </testcase>
      <system-out><![CDATA[2017-11-10 12:43:51 - [TEST_SUITE][FAILED] - ConfirmandCancelpurchase: Test Cases/PurchaseCancel,removeBook/CancelPurchaseforTestSuite FAILED because (of) Unable to click on object 'Object Repository/cancel purchase/Page_ACME ECOMM  BooksBiographies/a_add to basket' (Root cause: com.kms.katalon.core.webui.exception.WebElementNotFoundException: Web element with id: 'Object Repository/cancel purchase/Page_ACME ECOMM  BooksBiographies/a_add to basket' located by 'By.xpath: //a[count(. | //*[@href = 'index.php?page=basket&ref=books&category=books-biographies&add=3']) = count(//*[@href = 'index.php?page=basket&ref=books&category=books-biographies&add=3'])][count(. | //*[@class = 'buy-btn']) = count(//*[@class = 'buy-btn'])][count(. | //*[text() = 'add to basket']) = count(//*[text() = 'add to basket'])][count(. | id("product-list")/div[@class="item"]/div[@class="buy-info-b"]/a[@class="buy-btn"]) = count(id("product-list")/div[@class="item"]/div[@class="buy-info-b"]/a[@class="buy-btn"])]' not found)]]></system-out>
      <system-err><![CDATA[2017-11-10 12:43:51 - [TEST_SUITE][FAILED] - ConfirmandCancelpurchase: Test Cases/PurchaseCancel,removeBook/CancelPurchaseforTestSuite FAILED because (of) Unable to click on object 'Object Repository/cancel purchase/Page_ACME ECOMM  BooksBiographies/a_add to basket' (Root cause: com.kms.katalon.core.webui.exception.WebElementNotFoundException: Web element with id: 'Object Repository/cancel purchase/Page_ACME ECOMM  BooksBiographies/a_add to basket' located by 'By.xpath: //a[count(. | //*[@href = 'index.php?page=basket&ref=books&category=books-biographies&add=3']) = count(//*[@href = 'index.php?page=basket&ref=books&category=books-biographies&add=3'])][count(. | //*[@class = 'buy-btn']) = count(//*[@class = 'buy-btn'])][count(. | //*[text() = 'add to basket']) = count(//*[text() = 'add to basket'])][count(. | id("product-list")/div[@class="item"]/div[@class="buy-info-b"]/a[@class="buy-btn"]) = count(id("product-list")/div[@class="item"]/div[@class="buy-info-b"]/a[@class="buy-btn"])]' not found)]]></system-err>
   </testsuite>
</testsuites>
