<?xml version="1.0" encoding="UTF-8"?>
<testsuites name="TestSuiteAddtoBasket" time="69" tests="3" failures="3" errors="0">
   <testsuite name="TestSuiteAddtoBasket" tests="3" failures="3" errors="0" time="69" timestamp="2017-11-16 13:18:46" hostname="QH_05 - 192.168.18.128" id="Test Suites/TestSuiteAddtoBasket">
      <properties>
         <property name="deviceName" value=""/>
         <property name="devicePlatform" value=""/>
         <property name="logFolder" value="C:\\Users\\QH_05\\Katalon Studio\\Acme\\Reports\\TestSuiteAddtoBasket\\20171116_131844"/>
         <property name="logFiles" value="C:\\Users\\QH_05\\Katalon Studio\\Acme\\Reports\\TestSuiteAddtoBasket\\20171116_131844\\execution0.log"/>
         <property name="attachments" value="C:\\Users\\QH_05\\Katalon Studio\\Acme\\Reports\\TestSuiteAddtoBasket\\20171116_131844\\1510834738432.png, C:\\Users\\QH_05\\Katalon Studio\\Acme\\Reports\\TestSuiteAddtoBasket\\20171116_131844\\1510834739166.png, C:\\Users\\QH_05\\Katalon Studio\\Acme\\Reports\\TestSuiteAddtoBasket\\20171116_131844\\1510834770270.png, C:\\Users\\QH_05\\Katalon Studio\\Acme\\Reports\\TestSuiteAddtoBasket\\20171116_131844\\1510834794411.png"/>
         <property name="hostName" value="QH_05 - 192.168.18.128"/>
         <property name="os" value="Windows 10 64bit"/>
         <property name="katalonVersion" value="5.0.1.1"/>
         <property name="browser" value="Chrome 61.0.3163.100"/>
         <property name="hostAddress" value="192.168.18.128"/>
         <property name="sessionId" value="24dd5440d6894cc7d4283d7224db16cd"/>
         <property name="seleniumVersion" value="2.53.0"/>
         <property name="proxyInformation" value="ProxyInformation{proxyOption=NO_PROXY, proxyServerType=HTTP, password=, proxyServerAddress=, proxyServerPort=0}"/>
         <property name="platform" value="Windows 10"/>
      </properties>
      <testcase name="Test Cases/PurchaseCancel,removeBook/CancelPurchase" classname="Test Cases/PurchaseCancel,removeBook/CancelPurchase" status="FAILED">
         <failure type="FAILED" message="Unable to verify text 'Basket' is present  using regular expression (Root cause: Text 'Basket' is not present on page  using regular expression)"/>
         <system-out><![CDATA[2017-11-16 13:18:46 - [TEST_CASE][FAILED] - Test Cases/PurchaseCancel,removeBook/CancelPurchase: Test Cases/PurchaseCancel,removeBook/CancelPurchase FAILED because (of) Unable to verify text 'Basket' is present  using regular expression (Root cause: Text 'Basket' is not present on page  using regular expression)

2017-11-16 13:18:47 - [TEST_STEP][PASSED] - openBrowser: Browser is opened with url: ''

2017-11-16 13:18:49 - [MESSAGE][PASSED] - Browser is opened with url: ''

2017-11-16 13:18:49 - [TEST_STEP][PASSED] - maximizeWindow: Current window maximized

2017-11-16 13:18:50 - [MESSAGE][PASSED] - Current window maximized

2017-11-16 13:18:50 - [TEST_STEP][PASSED] - navigateToUrl: Navigate to 'http://www.acme.qualityhouse.bg/build3/index.php' successfully

2017-11-16 13:18:51 - [MESSAGE][PASSED] - Navigate to 'http://www.acme.qualityhouse.bg/build3/index.php' successfully

2017-11-16 13:18:51 - [TEST_STEP][PASSED] - delay: Delayed 5 second(s)

2017-11-16 13:18:56 - [MESSAGE][PASSED] - Delayed 5 second(s)

2017-11-16 13:18:56 - [TEST_STEP][PASSED] - click: Object: 'Object Repository/cancel purchase/BookLink' is clicked on

2017-11-16 13:18:56 - [MESSAGE][PASSED] - Object: 'Object Repository/cancel purchase/BookLink' is clicked on

2017-11-16 13:18:56 - [TEST_STEP][PASSED] - click: Object: 'Object Repository/cancel purchase/Page_ACME ECOMM  Books/a_Biographies' is clicked on

2017-11-16 13:18:57 - [MESSAGE][PASSED] - Object: 'Object Repository/cancel purchase/Page_ACME ECOMM  Books/a_Biographies' is clicked on

2017-11-16 13:18:57 - [TEST_STEP][PASSED] - click: Object: 'Object Repository/cancel purchase/Page_ACME ECOMM  BooksBiographies/a_add to basket' is clicked on

2017-11-16 13:18:57 - [MESSAGE][PASSED] - Object: 'Object Repository/cancel purchase/Page_ACME ECOMM  BooksBiographies/a_add to basket' is clicked on

2017-11-16 13:18:57 - [TEST_STEP][PASSED] - click: Object: 'Object Repository/cancel purchase/Page_ACME ECOMM  BooksBiographies/a_Basket' is clicked on

2017-11-16 13:18:57 - [MESSAGE][PASSED] - Object: 'Object Repository/cancel purchase/Page_ACME ECOMM  BooksBiographies/a_Basket' is clicked on

2017-11-16 13:18:57 - [TEST_STEP][PASSED] - click: Object: 'Object Repository/cancel purchase/Page_ACME ECOMM  Shopping Basket/a_Checkout' is clicked on

2017-11-16 13:18:57 - [MESSAGE][PASSED] - Object: 'Object Repository/cancel purchase/Page_ACME ECOMM  Shopping Basket/a_Checkout' is clicked on

2017-11-16 13:18:57 - [TEST_STEP][PASSED] - acceptAlert: Alert accepted

2017-11-16 13:18:57 - [MESSAGE][PASSED] - Alert accepted

2017-11-16 13:18:57 - [TEST_STEP][PASSED] - setText: Text 'student1' is set on object 'Object Repository/cancel purchase/Page_ACME ECOMM  Checkout/input_username'

2017-11-16 13:18:57 - [MESSAGE][PASSED] - Text 'student1' is set on object 'Object Repository/cancel purchase/Page_ACME ECOMM  Checkout/input_username'

2017-11-16 13:18:57 - [TEST_STEP][PASSED] - setText: Text 'stpass1' is set on object 'Object Repository/cancel purchase/Page_ACME ECOMM  Checkout/input_userpass'

2017-11-16 13:18:58 - [MESSAGE][PASSED] - Text 'stpass1' is set on object 'Object Repository/cancel purchase/Page_ACME ECOMM  Checkout/input_userpass'

2017-11-16 13:18:58 - [TEST_STEP][PASSED] - click: Object: 'Object Repository/cancel purchase/Page_ACME ECOMM  Checkout/input_ses_login' is clicked on

2017-11-16 13:18:58 - [MESSAGE][PASSED] - Object: 'Object Repository/cancel purchase/Page_ACME ECOMM  Checkout/input_ses_login' is clicked on

2017-11-16 13:18:58 - [TEST_STEP][PASSED] - click: Object: 'Object Repository/cancel purchase/Page_ACME ECOMM  Checkout/a_Cancel Purchase' is clicked on

2017-11-16 13:18:58 - [MESSAGE][PASSED] - Object: 'Object Repository/cancel purchase/Page_ACME ECOMM  Checkout/a_Cancel Purchase' is clicked on

2017-11-16 13:18:58 - [TEST_STEP][PASSED] - acceptAlert: Alert accepted

2017-11-16 13:18:58 - [MESSAGE][PASSED] - Alert accepted

2017-11-16 13:18:58 - [TEST_STEP][PASSED] - takeScreenshot: Taking screenshot successfully

2017-11-16 13:18:59 - [MESSAGE][PASSED] - Taking screenshot successfully
[[ATTACHMENT|C:\\Users\\QH_05\\Katalon Studio\\Acme\\Reports\\TestSuiteAddtoBasket\\20171116_131844\\1510834738432.png]]

2017-11-16 13:18:59 - [TEST_STEP][FAILED] - verifyTextPresent: Unable to verify text 'Basket' is present  using regular expression (Root cause: Text 'Basket' is not present on page  using regular expression)

2017-11-16 13:18:59 - [MESSAGE][FAILED] - Text 'Basket' is not present on page  using regular expression

2017-11-16 13:18:59 - [MESSAGE][FAILED] - Unable to verify text 'Basket' is present  using regular expression (Root cause: Text 'Basket' is not present on page  using regular expression)
[[ATTACHMENT|C:\\Users\\QH_05\\Katalon Studio\\Acme\\Reports\\TestSuiteAddtoBasket\\20171116_131844\\1510834739166.png]]]]></system-out>
         <system-err><![CDATA[2017-11-16 13:18:46 - [TEST_CASE][FAILED] - Test Cases/PurchaseCancel,removeBook/CancelPurchase: Test Cases/PurchaseCancel,removeBook/CancelPurchase FAILED because (of) Unable to verify text 'Basket' is present  using regular expression (Root cause: Text 'Basket' is not present on page  using regular expression)]]></system-err>
      </testcase>
      <testcase name="Test Cases/PurchaseCancel,removeBook/CancelPurchaseforTestSuite" classname="Test Cases/PurchaseCancel,removeBook/CancelPurchaseforTestSuite" status="FAILED">
         <failure type="FAILED" message="Unable to click on object 'Object Repository/cancel purchase/Page_ACME ECOMM  Home/a_Books' (Root cause: com.kms.katalon.core.webui.exception.WebElementNotFoundException: Web element with id: 'Object Repository/cancel purchase/Page_ACME ECOMM  Home/a_Books' located by 'By.cssSelector: ' not found)"/>
         <system-out><![CDATA[2017-11-16 13:18:59 - [TEST_CASE][FAILED] - Test Cases/PurchaseCancel,removeBook/CancelPurchaseforTestSuite: Test Cases/PurchaseCancel,removeBook/CancelPurchaseforTestSuite FAILED because (of) Unable to click on object 'Object Repository/cancel purchase/Page_ACME ECOMM  Home/a_Books' (Root cause: com.kms.katalon.core.webui.exception.WebElementNotFoundException: Web element with id: 'Object Repository/cancel purchase/Page_ACME ECOMM  Home/a_Books' located by 'By.cssSelector: ' not found)

2017-11-16 13:18:59 - [TEST_STEP][FAILED] - click: Unable to click on object 'Object Repository/cancel purchase/Page_ACME ECOMM  Home/a_Books' (Root cause: com.kms.katalon.core.webui.exception.WebElementNotFoundException: Web element with id: 'Object Repository/cancel purchase/Page_ACME ECOMM  Home/a_Books' located by 'By.cssSelector: ' not found)

2017-11-16 13:19:30 - [MESSAGE][FAILED] - Unable to click on object 'Object Repository/cancel purchase/Page_ACME ECOMM  Home/a_Books' (Root cause: com.kms.katalon.core.webui.exception.WebElementNotFoundException: Web element with id: 'Object Repository/cancel purchase/Page_ACME ECOMM  Home/a_Books' located by 'By.cssSelector: ' not found)
[[ATTACHMENT|C:\\Users\\QH_05\\Katalon Studio\\Acme\\Reports\\TestSuiteAddtoBasket\\20171116_131844\\1510834770270.png]]]]></system-out>
         <system-err><![CDATA[2017-11-16 13:18:59 - [TEST_CASE][FAILED] - Test Cases/PurchaseCancel,removeBook/CancelPurchaseforTestSuite: Test Cases/PurchaseCancel,removeBook/CancelPurchaseforTestSuite FAILED because (of) Unable to click on object 'Object Repository/cancel purchase/Page_ACME ECOMM  Home/a_Books' (Root cause: com.kms.katalon.core.webui.exception.WebElementNotFoundException: Web element with id: 'Object Repository/cancel purchase/Page_ACME ECOMM  Home/a_Books' located by 'By.cssSelector: ' not found)]]></system-err>
      </testcase>
      <testcase name="Test Cases/PurchaseCancel,removeBook/NumberOfOneItemAddedtoTheBasket" classname="Test Cases/PurchaseCancel,removeBook/NumberOfOneItemAddedtoTheBasket" status="PASSED">
         <system-out><![CDATA[2017-11-16 13:19:30 - [TEST_CASE][PASSED] - Test Cases/PurchaseCancel,removeBook/NumberOfOneItemAddedtoTheBasket: Test Cases/PurchaseCancel,removeBook/NumberOfOneItemAddedtoTheBasket

2017-11-16 13:19:30 - [TEST_STEP][PASSED] - openBrowser: Browser is opened with url: ''

2017-11-16 13:19:30 - [MESSAGE][WARNING] - A browser is already opened. Closing browser and opening a new one

2017-11-16 13:19:33 - [MESSAGE][PASSED] - Browser is opened with url: ''

2017-11-16 13:19:33 - [TEST_STEP][PASSED] - maximizeWindow: Current window maximized

2017-11-16 13:19:34 - [MESSAGE][PASSED] - Current window maximized

2017-11-16 13:19:34 - [TEST_STEP][PASSED] - navigateToUrl: Navigate to 'http://www.acme.qualityhouse.bg/build3/index.php' successfully

2017-11-16 13:19:35 - [MESSAGE][PASSED] - Navigate to 'http://www.acme.qualityhouse.bg/build3/index.php' successfully

2017-11-16 13:19:35 - [TEST_STEP][PASSED] - click: Object: 'Object Repository/NumberOfItems/Page_ACME ECOMM  Home/a_Books' is clicked on

2017-11-16 13:19:35 - [MESSAGE][PASSED] - Object: 'Object Repository/NumberOfItems/Page_ACME ECOMM  Home/a_Books' is clicked on

2017-11-16 13:19:35 - [TEST_STEP][PASSED] - click: Object: 'Object Repository/NumberOfItems/Page_ACME ECOMM  Books/a_Art' is clicked on

2017-11-16 13:19:36 - [MESSAGE][PASSED] - Object: 'Object Repository/NumberOfItems/Page_ACME ECOMM  Books/a_Art' is clicked on

2017-11-16 13:19:36 - [TEST_STEP][PASSED] - click: Object: 'Object Repository/NumberOfItems/Page_ACME ECOMM  BooksArt/a_add to basket' is clicked on

2017-11-16 13:19:36 - [MESSAGE][PASSED] - Object: 'Object Repository/NumberOfItems/Page_ACME ECOMM  BooksArt/a_add to basket' is clicked on

2017-11-16 13:19:36 - [TEST_STEP][PASSED] - click: Object: 'Object Repository/NumberOfItems/Page_ACME ECOMM  BooksArt/a_add to basket' is clicked on

2017-11-16 13:19:36 - [MESSAGE][PASSED] - Object: 'Object Repository/NumberOfItems/Page_ACME ECOMM  BooksArt/a_add to basket' is clicked on

2017-11-16 13:19:36 - [TEST_STEP][PASSED] - click: Object: 'Object Repository/NumberOfItems/Page_ACME ECOMM  BooksArt/a_add to basket' is clicked on

2017-11-16 13:19:36 - [MESSAGE][PASSED] - Object: 'Object Repository/NumberOfItems/Page_ACME ECOMM  BooksArt/a_add to basket' is clicked on

2017-11-16 13:19:36 - [TEST_STEP][PASSED] - click: Object: 'Object Repository/NumberOfItems/Page_ACME ECOMM  BooksArt/a_add to basket' is clicked on

2017-11-16 13:19:36 - [MESSAGE][PASSED] - Object: 'Object Repository/NumberOfItems/Page_ACME ECOMM  BooksArt/a_add to basket' is clicked on

2017-11-16 13:19:36 - [TEST_STEP][PASSED] - click: Object: 'Object Repository/NumberOfItems/Page_ACME ECOMM  BooksArt/a_Basket' is clicked on

2017-11-16 13:19:37 - [MESSAGE][PASSED] - Object: 'Object Repository/NumberOfItems/Page_ACME ECOMM  BooksArt/a_Basket' is clicked on

2017-11-16 13:19:37 - [TEST_STEP][PASSED] - verifyTextPresent: Text '4' is present on page  using regular expression

2017-11-16 13:19:37 - [MESSAGE][PASSED] - Text '4' is present on page  using regular expression

2017-11-16 13:19:37 - [TEST_STEP][PASSED] - closeBrowser: Browser is closed

2017-11-16 13:19:38 - [MESSAGE][PASSED] - Browser is closed]]></system-out>
         <system-err><![CDATA[]]></system-err>
      </testcase>
      <testcase name="Test Cases/PurchaseCancel,removeBook/PurchaseBook" classname="Test Cases/PurchaseCancel,removeBook/PurchaseBook" status="PASSED">
         <system-out><![CDATA[2017-11-16 13:19:38 - [TEST_CASE][PASSED] - Test Cases/PurchaseCancel,removeBook/PurchaseBook: Test Cases/PurchaseCancel,removeBook/PurchaseBook

2017-11-16 13:19:38 - [TEST_STEP][PASSED] - openBrowser: Browser is opened with url: ''

2017-11-16 13:19:40 - [MESSAGE][PASSED] - Browser is opened with url: ''

2017-11-16 13:19:40 - [TEST_STEP][PASSED] - navigateToUrl: Navigate to 'http://www.acme.qualityhouse.bg/build3/index.php' successfully

2017-11-16 13:19:41 - [MESSAGE][PASSED] - Navigate to 'http://www.acme.qualityhouse.bg/build3/index.php' successfully

2017-11-16 13:19:41 - [TEST_STEP][PASSED] - click: Object: 'Object Repository/PurchaseBook/a_Books' is clicked on

2017-11-16 13:19:41 - [MESSAGE][PASSED] - Object: 'Object Repository/PurchaseBook/a_Books' is clicked on

2017-11-16 13:19:41 - [TEST_STEP][PASSED] - click: Object: 'Object Repository/PurchaseBook/a_Art' is clicked on

2017-11-16 13:19:41 - [MESSAGE][PASSED] - Object: 'Object Repository/PurchaseBook/a_Art' is clicked on

2017-11-16 13:19:41 - [TEST_STEP][PASSED] - click: Object: 'Object Repository/PurchaseBook/a_add to basket' is clicked on

2017-11-16 13:19:41 - [MESSAGE][PASSED] - Object: 'Object Repository/PurchaseBook/a_add to basket' is clicked on

2017-11-16 13:19:41 - [TEST_STEP][PASSED] - click: Object: 'Object Repository/PurchaseBook/a_Basket (1)' is clicked on

2017-11-16 13:19:41 - [MESSAGE][PASSED] - Object: 'Object Repository/PurchaseBook/a_Basket (1)' is clicked on

2017-11-16 13:19:41 - [TEST_STEP][PASSED] - click: Object: 'Object Repository/PurchaseBook/a_Checkout' is clicked on

2017-11-16 13:19:42 - [MESSAGE][PASSED] - Object: 'Object Repository/PurchaseBook/a_Checkout' is clicked on

2017-11-16 13:19:42 - [TEST_STEP][PASSED] - acceptAlert: Alert accepted

2017-11-16 13:19:42 - [MESSAGE][PASSED] - Alert accepted

2017-11-16 13:19:42 - [TEST_STEP][PASSED] - setText: Text 'student1' is set on object 'Object Repository/PurchaseBook/input_username'

2017-11-16 13:19:42 - [MESSAGE][PASSED] - Text 'student1' is set on object 'Object Repository/PurchaseBook/input_username'

2017-11-16 13:19:42 - [TEST_STEP][PASSED] - setText: Text 'stpass1' is set on object 'Object Repository/PurchaseBook/input_userpass'

2017-11-16 13:19:42 - [MESSAGE][PASSED] - Text 'stpass1' is set on object 'Object Repository/PurchaseBook/input_userpass'

2017-11-16 13:19:42 - [TEST_STEP][PASSED] - click: Object: 'Object Repository/PurchaseBook/input_ses_login' is clicked on

2017-11-16 13:19:42 - [MESSAGE][PASSED] - Object: 'Object Repository/PurchaseBook/input_ses_login' is clicked on

2017-11-16 13:19:42 - [TEST_STEP][PASSED] - click: Object: 'Object Repository/PurchaseBook/a_Confirm Purchase' is clicked on

2017-11-16 13:19:42 - [MESSAGE][PASSED] - Object: 'Object Repository/PurchaseBook/a_Confirm Purchase' is clicked on

2017-11-16 13:19:42 - [TEST_STEP][PASSED] - acceptAlert: Alert accepted

2017-11-16 13:19:42 - [MESSAGE][PASSED] - Alert accepted

2017-11-16 13:19:42 - [TEST_STEP][PASSED] - verifyTextPresent: Text 'Thank you for your purchase!' is present on page 

2017-11-16 13:19:42 - [MESSAGE][PASSED] - Text 'Thank you for your purchase!' is present on page 

2017-11-16 13:19:42 - [TEST_STEP][PASSED] - click: Object: 'Object Repository/PurchaseBook/a_Go to Home page' is clicked on

2017-11-16 13:19:43 - [MESSAGE][PASSED] - Object: 'Object Repository/PurchaseBook/a_Go to Home page' is clicked on]]></system-out>
         <system-err><![CDATA[]]></system-err>
      </testcase>
      <testcase name="Test Cases/PurchaseCancel,removeBook/RemoveItemFromBasket" classname="Test Cases/PurchaseCancel,removeBook/RemoveItemFromBasket" status="PASSED">
         <system-out><![CDATA[2017-11-16 13:19:43 - [TEST_CASE][PASSED] - Test Cases/PurchaseCancel,removeBook/RemoveItemFromBasket: Test Cases/PurchaseCancel,removeBook/RemoveItemFromBasket

2017-11-16 13:19:43 - [TEST_STEP][PASSED] - openBrowser: Browser is opened with url: ''

2017-11-16 13:19:43 - [MESSAGE][WARNING] - A browser is already opened. Closing browser and opening a new one

2017-11-16 13:19:46 - [MESSAGE][PASSED] - Browser is opened with url: ''

2017-11-16 13:19:46 - [TEST_STEP][PASSED] - navigateToUrl: Navigate to 'http://www.acme.qualityhouse.bg/build3/index.php' successfully

2017-11-16 13:19:46 - [MESSAGE][PASSED] - Navigate to 'http://www.acme.qualityhouse.bg/build3/index.php' successfully

2017-11-16 13:19:46 - [TEST_STEP][PASSED] - click: Object: 'Object Repository/RemoveItemFromBasket/Page_ACME ECOMM  Home/a_CDs' is clicked on

2017-11-16 13:19:47 - [MESSAGE][PASSED] - Object: 'Object Repository/RemoveItemFromBasket/Page_ACME ECOMM  Home/a_CDs' is clicked on

2017-11-16 13:19:47 - [TEST_STEP][PASSED] - click: Object: 'Object Repository/RemoveItemFromBasket/Page_ACME ECOMM  CDs/a_Blues' is clicked on

2017-11-16 13:19:47 - [MESSAGE][PASSED] - Object: 'Object Repository/RemoveItemFromBasket/Page_ACME ECOMM  CDs/a_Blues' is clicked on

2017-11-16 13:19:47 - [TEST_STEP][PASSED] - click: Object: 'Object Repository/RemoveItemFromBasket/Page_ACME ECOMM  CDsBlues/a_add to basket' is clicked on

2017-11-16 13:19:47 - [MESSAGE][PASSED] - Object: 'Object Repository/RemoveItemFromBasket/Page_ACME ECOMM  CDsBlues/a_add to basket' is clicked on

2017-11-16 13:19:47 - [TEST_STEP][PASSED] - click: Object: 'Object Repository/RemoveItemFromBasket/Page_ACME ECOMM  CDsBlues/a_Basket' is clicked on

2017-11-16 13:19:48 - [MESSAGE][PASSED] - Object: 'Object Repository/RemoveItemFromBasket/Page_ACME ECOMM  CDsBlues/a_Basket' is clicked on

2017-11-16 13:19:48 - [TEST_STEP][PASSED] - click: Object: 'Object Repository/RemoveItemFromBasket/Page_ACME ECOMM  Shopping Basket/a_X' is clicked on

2017-11-16 13:19:48 - [MESSAGE][PASSED] - Object: 'Object Repository/RemoveItemFromBasket/Page_ACME ECOMM  Shopping Basket/a_X' is clicked on

2017-11-16 13:19:48 - [TEST_STEP][PASSED] - acceptAlert: Alert accepted

2017-11-16 13:19:48 - [MESSAGE][PASSED] - Alert accepted

2017-11-16 13:19:48 - [TEST_STEP][PASSED] - click: Object: 'Object Repository/RemoveItemFromBasket/Page_ACME ECOMM  Shopping Basket/b_The Shopping Basket is empty' is clicked on

2017-11-16 13:19:48 - [MESSAGE][PASSED] - Object: 'Object Repository/RemoveItemFromBasket/Page_ACME ECOMM  Shopping Basket/b_The Shopping Basket is empty' is clicked on

2017-11-16 13:19:48 - [TEST_STEP][PASSED] - verifyTextPresent: Text 'The Shopping Basket is empty' is present on page  using regular expression

2017-11-16 13:19:48 - [MESSAGE][PASSED] - Text 'The Shopping Basket is empty' is present on page  using regular expression

2017-11-16 13:19:48 - [TEST_STEP][PASSED] - closeBrowser: Browser is closed

2017-11-16 13:19:49 - [MESSAGE][PASSED] - Browser is closed]]></system-out>
         <system-err><![CDATA[]]></system-err>
      </testcase>
      <testcase name="Test Cases/PurchaseCancel,removeBook/VerifyNumberOfDifferentItemsAddedToTheBasket" classname="Test Cases/PurchaseCancel,removeBook/VerifyNumberOfDifferentItemsAddedToTheBasket" status="FAILED">
         <failure type="FAILED" message="Unable to verify text '2' is present  using regular expression (Root cause: Text '2' is not present on page  using regular expression)"/>
         <system-out><![CDATA[2017-11-16 13:19:49 - [TEST_CASE][FAILED] - Test Cases/PurchaseCancel,removeBook/VerifyNumberOfDifferentItemsAddedToTheBasket: Test Cases/PurchaseCancel,removeBook/VerifyNumberOfDifferentItemsAddedToTheBasket FAILED because (of) Unable to verify text '2' is present  using regular expression (Root cause: Text '2' is not present on page  using regular expression)

2017-11-16 13:19:49 - [TEST_STEP][PASSED] - openBrowser: Browser is opened with url: ''

2017-11-16 13:19:51 - [MESSAGE][PASSED] - Browser is opened with url: ''

2017-11-16 13:19:51 - [TEST_STEP][PASSED] - navigateToUrl: Navigate to 'http://www.acme.qualityhouse.bg/build3/index.php' successfully

2017-11-16 13:19:52 - [MESSAGE][PASSED] - Navigate to 'http://www.acme.qualityhouse.bg/build3/index.php' successfully

2017-11-16 13:19:52 - [TEST_STEP][PASSED] - click: Object: 'Object Repository/differentItemsAddedToTheBasket/Page_ACME ECOMM  Home/a_Login' is clicked on

2017-11-16 13:19:52 - [MESSAGE][PASSED] - Object: 'Object Repository/differentItemsAddedToTheBasket/Page_ACME ECOMM  Home/a_Login' is clicked on

2017-11-16 13:19:52 - [TEST_STEP][PASSED] - com.acme.login.loginForm.Login: com.acme.login.loginForm.Login is PASSED

2017-11-16 13:19:52 - [MESSAGE][PASSED] - Text 'student1' is set on object 'Object Repository/manual/input_username'

2017-11-16 13:19:53 - [MESSAGE][PASSED] - Text 'stpass1' is set on object 'Object Repository/manual/input_userpass'

2017-11-16 13:19:53 - [MESSAGE][PASSED] - com.acme.login.loginForm.Login is PASSED

2017-11-16 13:19:53 - [TEST_STEP][PASSED] - click: Object: 'Object Repository/differentItemsAddedToTheBasket/Page_ACME ECOMM  Login/a_CDs' is clicked on

2017-11-16 13:19:53 - [MESSAGE][PASSED] - Object: 'Object Repository/differentItemsAddedToTheBasket/Page_ACME ECOMM  Login/a_CDs' is clicked on

2017-11-16 13:19:53 - [TEST_STEP][PASSED] - click: Object: 'Object Repository/differentItemsAddedToTheBasket/Page_ACME ECOMM  CDs/a_Blues' is clicked on

2017-11-16 13:19:53 - [MESSAGE][PASSED] - Object: 'Object Repository/differentItemsAddedToTheBasket/Page_ACME ECOMM  CDs/a_Blues' is clicked on

2017-11-16 13:19:53 - [TEST_STEP][PASSED] - click: Object: 'Object Repository/differentItemsAddedToTheBasket/Page_ACME ECOMM  CDsBlues/b_Blue Nights' is clicked on

2017-11-16 13:19:53 - [MESSAGE][PASSED] - Object: 'Object Repository/differentItemsAddedToTheBasket/Page_ACME ECOMM  CDsBlues/b_Blue Nights' is clicked on

2017-11-16 13:19:53 - [TEST_STEP][PASSED] - click: Object: 'Object Repository/differentItemsAddedToTheBasket/Page_ACME ECOMM  CDs/a_add to basket' is clicked on

2017-11-16 13:19:53 - [MESSAGE][PASSED] - Object: 'Object Repository/differentItemsAddedToTheBasket/Page_ACME ECOMM  CDs/a_add to basket' is clicked on

2017-11-16 13:19:53 - [TEST_STEP][PASSED] - click: Object: 'Object Repository/differentItemsAddedToTheBasket/Page_ACME ECOMM  CDsBlues/a_add to basket' is clicked on

2017-11-16 13:19:54 - [MESSAGE][PASSED] - Object: 'Object Repository/differentItemsAddedToTheBasket/Page_ACME ECOMM  CDsBlues/a_add to basket' is clicked on

2017-11-16 13:19:54 - [TEST_STEP][PASSED] - click: Object: 'Object Repository/differentItemsAddedToTheBasket/Page_ACME ECOMM  CDsBlues/a_Basket' is clicked on

2017-11-16 13:19:54 - [MESSAGE][PASSED] - Object: 'Object Repository/differentItemsAddedToTheBasket/Page_ACME ECOMM  CDsBlues/a_Basket' is clicked on

2017-11-16 13:19:54 - [TEST_STEP][FAILED] - verifyTextPresent: Unable to verify text '2' is present  using regular expression (Root cause: Text '2' is not present on page  using regular expression)

2017-11-16 13:19:54 - [MESSAGE][FAILED] - Text '2' is not present on page  using regular expression

2017-11-16 13:19:54 - [MESSAGE][FAILED] - Unable to verify text '2' is present  using regular expression (Root cause: Text '2' is not present on page  using regular expression)
[[ATTACHMENT|C:\\Users\\QH_05\\Katalon Studio\\Acme\\Reports\\TestSuiteAddtoBasket\\20171116_131844\\1510834794411.png]]]]></system-out>
         <system-err><![CDATA[2017-11-16 13:19:49 - [TEST_CASE][FAILED] - Test Cases/PurchaseCancel,removeBook/VerifyNumberOfDifferentItemsAddedToTheBasket: Test Cases/PurchaseCancel,removeBook/VerifyNumberOfDifferentItemsAddedToTheBasket FAILED because (of) Unable to verify text '2' is present  using regular expression (Root cause: Text '2' is not present on page  using regular expression)]]></system-err>
      </testcase>
      <system-out><![CDATA[2017-11-16 13:18:46 - [TEST_SUITE][FAILED] - TestSuiteAddtoBasket: Test Cases/PurchaseCancel,removeBook/CancelPurchase FAILED because (of) Unable to verify text 'Basket' is present  using regular expression (Root cause: Text 'Basket' is not present on page  using regular expression)]]></system-out>
      <system-err><![CDATA[2017-11-16 13:18:46 - [TEST_SUITE][FAILED] - TestSuiteAddtoBasket: Test Cases/PurchaseCancel,removeBook/CancelPurchase FAILED because (of) Unable to verify text 'Basket' is present  using regular expression (Root cause: Text 'Basket' is not present on page  using regular expression)]]></system-err>
   </testsuite>
</testsuites>
