<?xml version="1.0" encoding="UTF-8"?>
<testsuites name="LoginLogoutPhp" time="36" tests="1" failures="1" errors="0">
   <testsuite name="LoginLogoutPhp" tests="1" failures="1" errors="0" time="36" timestamp="2017-11-08 13:31:25" hostname="QH_05 - 192.168.18.128" id="Test Suites/LoginLogoutPhp">
      <properties>
         <property name="deviceName" value=""/>
         <property name="devicePlatform" value=""/>
         <property name="logFolder" value="C:\\Users\\QH_05\\Katalon Studio\\Acme\\Reports\\LoginLogoutPhp\\20171108_133123"/>
         <property name="logFiles" value="C:\\Users\\QH_05\\Katalon Studio\\Acme\\Reports\\LoginLogoutPhp\\20171108_133123\\execution0.log"/>
         <property name="attachments" value="C:\\Users\\QH_05\\Katalon Studio\\Acme\\Reports\\LoginLogoutPhp\\20171108_133123\\1510144317782.png"/>
         <property name="hostName" value="QH_05 - 192.168.18.128"/>
         <property name="os" value="Windows 10 64bit"/>
         <property name="katalonVersion" value="5.0.1.1"/>
         <property name="browser" value="Chrome 61.0.3163.100"/>
         <property name="hostAddress" value="192.168.18.128"/>
         <property name="sessionId" value="0d5ee6668871c866b21faf1acbe2bbc0"/>
         <property name="seleniumVersion" value="2.53.0"/>
         <property name="proxyInformation" value="ProxyInformation{proxyOption=NO_PROXY, proxyServerType=HTTP, password=, proxyServerAddress=, proxyServerPort=0}"/>
         <property name="platform" value="Windows 10"/>
      </properties>
      <testcase name="Test Cases/Phpadminlogin" classname="Test Cases/Phpadminlogin" status="PASSED">
         <system-out><![CDATA[2017-11-08 13:31:25 - [TEST_CASE][PASSED] - Test Cases/Phpadminlogin: Test Cases/Phpadminlogin

2017-11-08 13:31:26 - [TEST_STEP][PASSED] - openBrowser: Browser is opened with url: 'http://www.phptravels.net/admin'

2017-11-08 13:31:32 - [MESSAGE][PASSED] - Browser is opened with url: 'http://www.phptravels.net/admin'

2017-11-08 13:31:32 - [TEST_STEP][PASSED] - maximizeWindow: Current window maximized

2017-11-08 13:31:33 - [MESSAGE][PASSED] - Current window maximized

2017-11-08 13:31:33 - [TEST_STEP][PASSED] - setText: Text 'admin@phptravels.com' is set on object 'Object Repository/loginPHPadmin/emaiTextBox'

2017-11-08 13:31:33 - [MESSAGE][PASSED] - Text 'admin@phptravels.com' is set on object 'Object Repository/loginPHPadmin/emaiTextBox'

2017-11-08 13:31:33 - [TEST_STEP][PASSED] - setText: Text 'demoadmin' is set on object 'Object Repository/loginPHPadmin/passwordTextBox'

2017-11-08 13:31:33 - [MESSAGE][PASSED] - Text 'demoadmin' is set on object 'Object Repository/loginPHPadmin/passwordTextBox'

2017-11-08 13:31:33 - [TEST_STEP][PASSED] - click: Object: 'Object Repository/loginPHPadmin/button_btn btn-primary btn-blo' is clicked on

2017-11-08 13:31:33 - [MESSAGE][PASSED] - Object: 'Object Repository/loginPHPadmin/button_btn btn-primary btn-blo' is clicked on]]></system-out>
         <system-err><![CDATA[]]></system-err>
      </testcase>
      <testcase name="Test Cases/PhpLogout" classname="Test Cases/PhpLogout" status="FAILED">
         <failure type="FAILED" message="Unable to click on object 'Object Repository/loginPHPadmin/i_fa fa-caret-down fa-lg' (Root cause: org.openqa.selenium.WebDriverException: disconnected: unable to send message to renderer
  (Session info: chrome=61.0.3163.100)
  (Driver info: chromedriver=2.33.506120 (e3e53437346286c0bc2d2dc9aa4915ba81d9023f),platform=Windows NT 10.0.15063 x86_64) (WARNING: The server did not provide any stacktrace information)
Command duration or timeout: 65 milliseconds
Build info: version: '2.53.0', revision: '35ae25b', time: '2016-03-15 17:00:58'
System info: host: 'DESKTOP-RJBLQNG', ip: '192.168.18.128', os.name: 'Windows 10', os.arch: 'amd64', os.version: '10.0', java.version: '1.8.0_102'
Driver info: com.kms.katalon.selenium.driver.CChromeDriver
Capabilities [{applicationCacheEnabled=false, rotatable=false, mobileEmulationEnabled=false, networkConnectionEnabled=false, chrome={chromedriverVersion=2.33.506120 (e3e53437346286c0bc2d2dc9aa4915ba81d9023f), userDataDir=C:\Users\QH_05\AppData\Local\Temp\scoped_dir13172_12883}, takesHeapSnapshot=true, pageLoadStrategy=normal, databaseEnabled=false, handlesAlerts=true, hasTouchScreen=false, version=61.0.3163.100, platform=XP, browserConnectionEnabled=false, nativeEvents=true, acceptSslCerts=true, locationContextEnabled=true, webStorageEnabled=true, browserName=chrome, takesScreenshot=true, javascriptEnabled=true, cssSelectorsEnabled=true, setWindowRect=true, unexpectedAlertBehaviour=}]
Session ID: 0d5ee6668871c866b21faf1acbe2bbc0
*** Element info: {Using=xpath, value=//i[count(. | //*[@class = 'fa fa-caret-down fa-lg']) = count(//*[@class = 'fa fa-caret-down fa-lg'])][count(. | /html[1]/body[@class=&quot;pace-done&quot;]/div[@class=&quot;wrapper&quot;]/header[1]/nav[@class=&quot;navbar navbar-fixed-top navbar-super social-navbar&quot;]/div[3]/ul[@class=&quot;nav navbar-nav navbar-right&quot;]/li[@class=&quot;dropdown open&quot;]/a[@class=&quot;dropdown-toggle&quot;]/i[@class=&quot;fa fa-caret-down fa-lg&quot;]) = count(/html[1]/body[@class=&quot;pace-done&quot;]/div[@class=&quot;wrapper&quot;]/header[1]/nav[@class=&quot;navbar navbar-fixed-top navbar-super social-navbar&quot;]/div[3]/ul[@class=&quot;nav navbar-nav navbar-right&quot;]/li[@class=&quot;dropdown open&quot;]/a[@class=&quot;dropdown-toggle&quot;]/i[@class=&quot;fa fa-caret-down fa-lg&quot;])]})"/>
         <system-out><![CDATA[2017-11-08 13:31:34 - [TEST_CASE][FAILED] - Test Cases/PhpLogout: Test Cases/PhpLogout FAILED because (of) Unable to click on object 'Object Repository/loginPHPadmin/i_fa fa-caret-down fa-lg' (Root cause: org.openqa.selenium.WebDriverException: disconnected: unable to send message to renderer
  (Session info: chrome=61.0.3163.100)
  (Driver info: chromedriver=2.33.506120 (e3e53437346286c0bc2d2dc9aa4915ba81d9023f),platform=Windows NT 10.0.15063 x86_64) (WARNING: The server did not provide any stacktrace information)
Command duration or timeout: 65 milliseconds
Build info: version: '2.53.0', revision: '35ae25b', time: '2016-03-15 17:00:58'
System info: host: 'DESKTOP-RJBLQNG', ip: '192.168.18.128', os.name: 'Windows 10', os.arch: 'amd64', os.version: '10.0', java.version: '1.8.0_102'
Driver info: com.kms.katalon.selenium.driver.CChromeDriver
Capabilities [{applicationCacheEnabled=false, rotatable=false, mobileEmulationEnabled=false, networkConnectionEnabled=false, chrome={chromedriverVersion=2.33.506120 (e3e53437346286c0bc2d2dc9aa4915ba81d9023f), userDataDir=C:\Users\QH_05\AppData\Local\Temp\scoped_dir13172_12883}, takesHeapSnapshot=true, pageLoadStrategy=normal, databaseEnabled=false, handlesAlerts=true, hasTouchScreen=false, version=61.0.3163.100, platform=XP, browserConnectionEnabled=false, nativeEvents=true, acceptSslCerts=true, locationContextEnabled=true, webStorageEnabled=true, browserName=chrome, takesScreenshot=true, javascriptEnabled=true, cssSelectorsEnabled=true, setWindowRect=true, unexpectedAlertBehaviour=}]
Session ID: 0d5ee6668871c866b21faf1acbe2bbc0
*** Element info: {Using=xpath, value=//i[count(. | //*[@class = 'fa fa-caret-down fa-lg']) = count(//*[@class = 'fa fa-caret-down fa-lg'])][count(. | /html[1]/body[@class="pace-done"]/div[@class="wrapper"]/header[1]/nav[@class="navbar navbar-fixed-top navbar-super social-navbar"]/div[3]/ul[@class="nav navbar-nav navbar-right"]/li[@class="dropdown open"]/a[@class="dropdown-toggle"]/i[@class="fa fa-caret-down fa-lg"]) = count(/html[1]/body[@class="pace-done"]/div[@class="wrapper"]/header[1]/nav[@class="navbar navbar-fixed-top navbar-super social-navbar"]/div[3]/ul[@class="nav navbar-nav navbar-right"]/li[@class="dropdown open"]/a[@class="dropdown-toggle"]/i[@class="fa fa-caret-down fa-lg"])]})

2017-11-08 13:31:34 - [TEST_STEP][FAILED] - click: Unable to click on object 'Object Repository/loginPHPadmin/i_fa fa-caret-down fa-lg' (Root cause: org.openqa.selenium.WebDriverException: disconnected: unable to send message to renderer
  (Session info: chrome=61.0.3163.100)
  (Driver info: chromedriver=2.33.506120 (e3e53437346286c0bc2d2dc9aa4915ba81d9023f),platform=Windows NT 10.0.15063 x86_64) (WARNING: The server did not provide any stacktrace information)
Command duration or timeout: 65 milliseconds
Build info: version: '2.53.0', revision: '35ae25b', time: '2016-03-15 17:00:58'
System info: host: 'DESKTOP-RJBLQNG', ip: '192.168.18.128', os.name: 'Windows 10', os.arch: 'amd64', os.version: '10.0', java.version: '1.8.0_102'
Driver info: com.kms.katalon.selenium.driver.CChromeDriver
Capabilities [{applicationCacheEnabled=false, rotatable=false, mobileEmulationEnabled=false, networkConnectionEnabled=false, chrome={chromedriverVersion=2.33.506120 (e3e53437346286c0bc2d2dc9aa4915ba81d9023f), userDataDir=C:\Users\QH_05\AppData\Local\Temp\scoped_dir13172_12883}, takesHeapSnapshot=true, pageLoadStrategy=normal, databaseEnabled=false, handlesAlerts=true, hasTouchScreen=false, version=61.0.3163.100, platform=XP, browserConnectionEnabled=false, nativeEvents=true, acceptSslCerts=true, locationContextEnabled=true, webStorageEnabled=true, browserName=chrome, takesScreenshot=true, javascriptEnabled=true, cssSelectorsEnabled=true, setWindowRect=true, unexpectedAlertBehaviour=}]
Session ID: 0d5ee6668871c866b21faf1acbe2bbc0
*** Element info: {Using=xpath, value=//i[count(. | //*[@class = 'fa fa-caret-down fa-lg']) = count(//*[@class = 'fa fa-caret-down fa-lg'])][count(. | /html[1]/body[@class="pace-done"]/div[@class="wrapper"]/header[1]/nav[@class="navbar navbar-fixed-top navbar-super social-navbar"]/div[3]/ul[@class="nav navbar-nav navbar-right"]/li[@class="dropdown open"]/a[@class="dropdown-toggle"]/i[@class="fa fa-caret-down fa-lg"]) = count(/html[1]/body[@class="pace-done"]/div[@class="wrapper"]/header[1]/nav[@class="navbar navbar-fixed-top navbar-super social-navbar"]/div[3]/ul[@class="nav navbar-nav navbar-right"]/li[@class="dropdown open"]/a[@class="dropdown-toggle"]/i[@class="fa fa-caret-down fa-lg"])]})

2017-11-08 13:32:01 - [MESSAGE][FAILED] - Unable to click on object 'Object Repository/loginPHPadmin/i_fa fa-caret-down fa-lg' (Root cause: org.openqa.selenium.WebDriverException: disconnected: unable to send message to renderer
  (Session info: chrome=61.0.3163.100)
  (Driver info: chromedriver=2.33.506120 (e3e53437346286c0bc2d2dc9aa4915ba81d9023f),platform=Windows NT 10.0.15063 x86_64) (WARNING: The server did not provide any stacktrace information)
Command duration or timeout: 65 milliseconds
Build info: version: '2.53.0', revision: '35ae25b', time: '2016-03-15 17:00:58'
System info: host: 'DESKTOP-RJBLQNG', ip: '192.168.18.128', os.name: 'Windows 10', os.arch: 'amd64', os.version: '10.0', java.version: '1.8.0_102'
Driver info: com.kms.katalon.selenium.driver.CChromeDriver
Capabilities [{applicationCacheEnabled=false, rotatable=false, mobileEmulationEnabled=false, networkConnectionEnabled=false, chrome={chromedriverVersion=2.33.506120 (e3e53437346286c0bc2d2dc9aa4915ba81d9023f), userDataDir=C:\Users\QH_05\AppData\Local\Temp\scoped_dir13172_12883}, takesHeapSnapshot=true, pageLoadStrategy=normal, databaseEnabled=false, handlesAlerts=true, hasTouchScreen=false, version=61.0.3163.100, platform=XP, browserConnectionEnabled=false, nativeEvents=true, acceptSslCerts=true, locationContextEnabled=true, webStorageEnabled=true, browserName=chrome, takesScreenshot=true, javascriptEnabled=true, cssSelectorsEnabled=true, setWindowRect=true, unexpectedAlertBehaviour=}]
Session ID: 0d5ee6668871c866b21faf1acbe2bbc0
*** Element info: {Using=xpath, value=//i[count(. | //*[@class = 'fa fa-caret-down fa-lg']) = count(//*[@class = 'fa fa-caret-down fa-lg'])][count(. | /html[1]/body[@class="pace-done"]/div[@class="wrapper"]/header[1]/nav[@class="navbar navbar-fixed-top navbar-super social-navbar"]/div[3]/ul[@class="nav navbar-nav navbar-right"]/li[@class="dropdown open"]/a[@class="dropdown-toggle"]/i[@class="fa fa-caret-down fa-lg"]) = count(/html[1]/body[@class="pace-done"]/div[@class="wrapper"]/header[1]/nav[@class="navbar navbar-fixed-top navbar-super social-navbar"]/div[3]/ul[@class="nav navbar-nav navbar-right"]/li[@class="dropdown open"]/a[@class="dropdown-toggle"]/i[@class="fa fa-caret-down fa-lg"])]})
[[ATTACHMENT|C:\\Users\\QH_05\\Katalon Studio\\Acme\\Reports\\LoginLogoutPhp\\20171108_133123\\1510144317782.png]]]]></system-out>
         <system-err><![CDATA[2017-11-08 13:31:34 - [TEST_CASE][FAILED] - Test Cases/PhpLogout: Test Cases/PhpLogout FAILED because (of) Unable to click on object 'Object Repository/loginPHPadmin/i_fa fa-caret-down fa-lg' (Root cause: org.openqa.selenium.WebDriverException: disconnected: unable to send message to renderer
  (Session info: chrome=61.0.3163.100)
  (Driver info: chromedriver=2.33.506120 (e3e53437346286c0bc2d2dc9aa4915ba81d9023f),platform=Windows NT 10.0.15063 x86_64) (WARNING: The server did not provide any stacktrace information)
Command duration or timeout: 65 milliseconds
Build info: version: '2.53.0', revision: '35ae25b', time: '2016-03-15 17:00:58'
System info: host: 'DESKTOP-RJBLQNG', ip: '192.168.18.128', os.name: 'Windows 10', os.arch: 'amd64', os.version: '10.0', java.version: '1.8.0_102'
Driver info: com.kms.katalon.selenium.driver.CChromeDriver
Capabilities [{applicationCacheEnabled=false, rotatable=false, mobileEmulationEnabled=false, networkConnectionEnabled=false, chrome={chromedriverVersion=2.33.506120 (e3e53437346286c0bc2d2dc9aa4915ba81d9023f), userDataDir=C:\Users\QH_05\AppData\Local\Temp\scoped_dir13172_12883}, takesHeapSnapshot=true, pageLoadStrategy=normal, databaseEnabled=false, handlesAlerts=true, hasTouchScreen=false, version=61.0.3163.100, platform=XP, browserConnectionEnabled=false, nativeEvents=true, acceptSslCerts=true, locationContextEnabled=true, webStorageEnabled=true, browserName=chrome, takesScreenshot=true, javascriptEnabled=true, cssSelectorsEnabled=true, setWindowRect=true, unexpectedAlertBehaviour=}]
Session ID: 0d5ee6668871c866b21faf1acbe2bbc0
*** Element info: {Using=xpath, value=//i[count(. | //*[@class = 'fa fa-caret-down fa-lg']) = count(//*[@class = 'fa fa-caret-down fa-lg'])][count(. | /html[1]/body[@class="pace-done"]/div[@class="wrapper"]/header[1]/nav[@class="navbar navbar-fixed-top navbar-super social-navbar"]/div[3]/ul[@class="nav navbar-nav navbar-right"]/li[@class="dropdown open"]/a[@class="dropdown-toggle"]/i[@class="fa fa-caret-down fa-lg"]) = count(/html[1]/body[@class="pace-done"]/div[@class="wrapper"]/header[1]/nav[@class="navbar navbar-fixed-top navbar-super social-navbar"]/div[3]/ul[@class="nav navbar-nav navbar-right"]/li[@class="dropdown open"]/a[@class="dropdown-toggle"]/i[@class="fa fa-caret-down fa-lg"])]})]]></system-err>
      </testcase>
      <system-out><![CDATA[2017-11-08 13:31:25 - [TEST_SUITE][FAILED] - LoginLogoutPhp: Test Cases/PhpLogout FAILED because (of) Unable to click on object 'Object Repository/loginPHPadmin/i_fa fa-caret-down fa-lg' (Root cause: org.openqa.selenium.WebDriverException: disconnected: unable to send message to renderer
  (Session info: chrome=61.0.3163.100)
  (Driver info: chromedriver=2.33.506120 (e3e53437346286c0bc2d2dc9aa4915ba81d9023f),platform=Windows NT 10.0.15063 x86_64) (WARNING: The server did not provide any stacktrace information)
Command duration or timeout: 65 milliseconds
Build info: version: '2.53.0', revision: '35ae25b', time: '2016-03-15 17:00:58'
System info: host: 'DESKTOP-RJBLQNG', ip: '192.168.18.128', os.name: 'Windows 10', os.arch: 'amd64', os.version: '10.0', java.version: '1.8.0_102'
Driver info: com.kms.katalon.selenium.driver.CChromeDriver
Capabilities [{applicationCacheEnabled=false, rotatable=false, mobileEmulationEnabled=false, networkConnectionEnabled=false, chrome={chromedriverVersion=2.33.506120 (e3e53437346286c0bc2d2dc9aa4915ba81d9023f), userDataDir=C:\Users\QH_05\AppData\Local\Temp\scoped_dir13172_12883}, takesHeapSnapshot=true, pageLoadStrategy=normal, databaseEnabled=false, handlesAlerts=true, hasTouchScreen=false, version=61.0.3163.100, platform=XP, browserConnectionEnabled=false, nativeEvents=true, acceptSslCerts=true, locationContextEnabled=true, webStorageEnabled=true, browserName=chrome, takesScreenshot=true, javascriptEnabled=true, cssSelectorsEnabled=true, setWindowRect=true, unexpectedAlertBehaviour=}]
Session ID: 0d5ee6668871c866b21faf1acbe2bbc0
*** Element info: {Using=xpath, value=//i[count(. | //*[@class = 'fa fa-caret-down fa-lg']) = count(//*[@class = 'fa fa-caret-down fa-lg'])][count(. | /html[1]/body[@class="pace-done"]/div[@class="wrapper"]/header[1]/nav[@class="navbar navbar-fixed-top navbar-super social-navbar"]/div[3]/ul[@class="nav navbar-nav navbar-right"]/li[@class="dropdown open"]/a[@class="dropdown-toggle"]/i[@class="fa fa-caret-down fa-lg"]) = count(/html[1]/body[@class="pace-done"]/div[@class="wrapper"]/header[1]/nav[@class="navbar navbar-fixed-top navbar-super social-navbar"]/div[3]/ul[@class="nav navbar-nav navbar-right"]/li[@class="dropdown open"]/a[@class="dropdown-toggle"]/i[@class="fa fa-caret-down fa-lg"])]})]]></system-out>
      <system-err><![CDATA[2017-11-08 13:31:25 - [TEST_SUITE][FAILED] - LoginLogoutPhp: Test Cases/PhpLogout FAILED because (of) Unable to click on object 'Object Repository/loginPHPadmin/i_fa fa-caret-down fa-lg' (Root cause: org.openqa.selenium.WebDriverException: disconnected: unable to send message to renderer
  (Session info: chrome=61.0.3163.100)
  (Driver info: chromedriver=2.33.506120 (e3e53437346286c0bc2d2dc9aa4915ba81d9023f),platform=Windows NT 10.0.15063 x86_64) (WARNING: The server did not provide any stacktrace information)
Command duration or timeout: 65 milliseconds
Build info: version: '2.53.0', revision: '35ae25b', time: '2016-03-15 17:00:58'
System info: host: 'DESKTOP-RJBLQNG', ip: '192.168.18.128', os.name: 'Windows 10', os.arch: 'amd64', os.version: '10.0', java.version: '1.8.0_102'
Driver info: com.kms.katalon.selenium.driver.CChromeDriver
Capabilities [{applicationCacheEnabled=false, rotatable=false, mobileEmulationEnabled=false, networkConnectionEnabled=false, chrome={chromedriverVersion=2.33.506120 (e3e53437346286c0bc2d2dc9aa4915ba81d9023f), userDataDir=C:\Users\QH_05\AppData\Local\Temp\scoped_dir13172_12883}, takesHeapSnapshot=true, pageLoadStrategy=normal, databaseEnabled=false, handlesAlerts=true, hasTouchScreen=false, version=61.0.3163.100, platform=XP, browserConnectionEnabled=false, nativeEvents=true, acceptSslCerts=true, locationContextEnabled=true, webStorageEnabled=true, browserName=chrome, takesScreenshot=true, javascriptEnabled=true, cssSelectorsEnabled=true, setWindowRect=true, unexpectedAlertBehaviour=}]
Session ID: 0d5ee6668871c866b21faf1acbe2bbc0
*** Element info: {Using=xpath, value=//i[count(. | //*[@class = 'fa fa-caret-down fa-lg']) = count(//*[@class = 'fa fa-caret-down fa-lg'])][count(. | /html[1]/body[@class="pace-done"]/div[@class="wrapper"]/header[1]/nav[@class="navbar navbar-fixed-top navbar-super social-navbar"]/div[3]/ul[@class="nav navbar-nav navbar-right"]/li[@class="dropdown open"]/a[@class="dropdown-toggle"]/i[@class="fa fa-caret-down fa-lg"]) = count(/html[1]/body[@class="pace-done"]/div[@class="wrapper"]/header[1]/nav[@class="navbar navbar-fixed-top navbar-super social-navbar"]/div[3]/ul[@class="nav navbar-nav navbar-right"]/li[@class="dropdown open"]/a[@class="dropdown-toggle"]/i[@class="fa fa-caret-down fa-lg"])]})]]></system-err>
   </testsuite>
</testsuites>
